<coverage lines-valid="1985" lines-covered="1464" line-rate="0.7375" branches-valid="1015" branches-covered="663" branch-rate="0.6531999999999999" timestamp="1587378514281" complexity="0" version="0.1">
<sources>
<source>
test source 
</source>
</sources>
<packages>
<package name="src" line-rate="0.8659" branch-rate="0.6111">
<classes>
<class name="app.js" filename="src/app.js" line-rate="1" branch-rate="1">
<methods>
<method name="(anonymous_0)" hits="1" signature="()V">
<lines>
<line number="12" hits="1"/>
</lines>
</method>
<method name="(anonymous_1)" hits="1" signature="()V">
<lines>
<line number="13" hits="1"/>
</lines>
</method>
<method name="(anonymous_2)" hits="1" signature="()V">
<lines>
<line number="14" hits="1"/>
</lines>
</method>
<method name="(anonymous_3)" hits="1" signature="()V">
<lines>
<line number="15" hits="1"/>
</lines>
</method>
<method name="(anonymous_4)" hits="1" signature="()V">
<lines>
<line number="16" hits="1"/>
</lines>
</method>
<method name="(anonymous_5)" hits="0" signature="()V">
<lines>
<line number="17" hits="0"/>
</lines>
</method>
<method name="(anonymous_6)" hits="0" signature="()V">
<lines>
<line number="18" hits="0"/>
</lines>
</method>
<method name="Index" hits="20" signature="()V">
<lines>
<line number="26" hits="20"/>
</lines>
</method>
<method name="(anonymous_8)" hits="3" signature="()V">
<lines>
<line number="44" hits="3"/>
</lines>
</method>
<method name="(anonymous_9)" hits="1" signature="()V">
<lines>
<line number="47" hits="1"/>
</lines>
</method>
</methods>
<lines>
<line number="12" hits="1" branch="false"/>
<line number="13" hits="1" branch="false"/>
<line number="14" hits="1" branch="false"/>
<line number="15" hits="1" branch="false"/>
<line number="16" hits="1" branch="false"/>
<line number="17" hits="1" branch="false"/>
<line number="18" hits="1" branch="false"/>
<line number="27" hits="20" branch="false"/>
<line number="44" hits="3" branch="false"/>
<line number="47" hits="1" branch="false"/>
</lines>
</class>
<class name="config.js" filename="src/config.js" line-rate="0.75" branch-rate="0.6">
<methods>
<method name="(anonymous_0)" hits="165" signature="()V">
<lines>
<line number="44" hits="165"/>
</lines>
</method>
<method name="(anonymous_1)" hits="54" signature="()V">
<lines>
<line number="46" hits="54"/>
</lines>
</method>
<method name="(anonymous_2)" hits="0" signature="()V">
<lines>
<line number="48" hits="0"/>
</lines>
</method>
<method name="(anonymous_3)" hits="111" signature="()V">
<lines>
<line number="51" hits="111"/>
</lines>
</method>
<method name="(anonymous_4)" hits="27" signature="()V">
<lines>
<line number="53" hits="27"/>
</lines>
</method>
</methods>
<lines>
<line number="1" hits="27" branch="false"/>
<line number="44" hits="165" branch="true" condition-coverage="50% (1/2)"/>
<line number="46" hits="54" branch="false"/>
<line number="48" hits="27" branch="false"/>
<line number="49" hits="0" branch="true" condition-coverage="0% (0/2)"/>
<line number="51" hits="111" branch="false"/>
<line number="53" hits="27" branch="false"/>
<line number="54" hits="27" branch="true" condition-coverage="50% (1/2)"/>
<line number="55" hits="27" branch="false"/>
<line number="66" hits="0" branch="true" condition-coverage="0% (0/2)"/>
<line number="67" hits="0" branch="false"/>
<line number="78" hits="0" branch="false"/>
<line number="90" hits="27" branch="false"/>
<line number="92" hits="27" branch="false"/>
<line number="96" hits="27" branch="false"/>
<line number="109" hits="27" branch="false"/>
</lines>
</class>
<class name="constants.js" filename="src/constants.js" line-rate="1" branch-rate="1">
<methods> </methods>
<lines>
<line number="1" hits="35" branch="false"/>
<line number="2" hits="35" branch="false"/>
<line number="3" hits="35" branch="false"/>
<line number="4" hits="35" branch="false"/>
<line number="5" hits="35" branch="false"/>
<line number="6" hits="35" branch="false"/>
<line number="7" hits="35" branch="false"/>
<line number="8" hits="35" branch="false"/>
<line number="10" hits="35" branch="false"/>
<line number="25" hits="35" branch="false"/>
<line number="33" hits="35" branch="false"/>
<line number="39" hits="35" branch="false"/>
<line number="40" hits="35" branch="false"/>
<line number="41" hits="35" branch="false"/>
<line number="42" hits="35" branch="false"/>
<line number="43" hits="35" branch="false"/>
<line number="44" hits="35" branch="false"/>
<line number="45" hits="35" branch="false"/>
<line number="46" hits="35" branch="false"/>
<line number="47" hits="35" branch="false"/>
<line number="48" hits="35" branch="false"/>
<line number="49" hits="35" branch="false"/>
<line number="51" hits="35" branch="false"/>
<line number="52" hits="35" branch="false"/>
<line number="53" hits="35" branch="false"/>
<line number="54" hits="35" branch="false"/>
<line number="55" hits="35" branch="false"/>
<line number="56" hits="35" branch="false"/>
<line number="61" hits="35" branch="false"/>
<line number="69" hits="35" branch="false"/>
<line number="73" hits="35" branch="false"/>
<line number="77" hits="35" branch="false"/>
<line number="82" hits="35" branch="false"/>
<line number="87" hits="35" branch="false"/>
<line number="88" hits="35" branch="false"/>
</lines>
</class>
<class name="session.js" filename="src/session.js" line-rate="0.5625" branch-rate="0.5">
<methods>
<method name="(anonymous_0)" hits="2" signature="()V">
<lines>
<line number="20" hits="2"/>
</lines>
</method>
<method name="(anonymous_1)" hits="29" signature="()V">
<lines>
<line number="46" hits="29"/>
</lines>
</method>
<method name="(anonymous_2)" hits="1" signature="()V">
<lines>
<line number="50" hits="1"/>
</lines>
</method>
<method name="(anonymous_3)" hits="28" signature="()V">
<lines>
<line number="58" hits="28"/>
</lines>
</method>
<method name="(anonymous_4)" hits="9" signature="()V">
<lines>
<line number="64" hits="9"/>
</lines>
</method>
<method name="(anonymous_5)" hits="0" signature="()V">
<lines>
<line number="68" hits="0"/>
</lines>
</method>
</methods>
<lines>
<line number="13" hits="28" branch="false"/>
<line number="21" hits="2" branch="false"/>
<line number="47" hits="29" branch="false"/>
<line number="51" hits="1" branch="false"/>
<line number="55" hits="29" branch="false"/>
<line number="59" hits="28" branch="true" condition-coverage="100% (2/2)"/>
<line number="60" hits="1" branch="false"/>
<line number="65" hits="9" branch="false"/>
<line number="69" hits="0" branch="false"/>
<line number="70" hits="0" branch="false"/>
<line number="71" hits="0" branch="true" condition-coverage="0% (0/2)"/>
<line number="72" hits="0" branch="false"/>
<line number="73" hits="0" branch="false"/>
<line number="75" hits="0" branch="false"/>
<line number="78" hits="0" branch="false"/>
<line number="81" hits="28" branch="false"/>
</lines>
</class>
<class name="store.js" filename="src/store.js" line-rate="1" branch-rate="1">
<methods> </methods>
<lines>
<line number="8" hits="27" branch="false"/>
<line number="13" hits="27" branch="true" condition-coverage="100% (2/2)"/>
<line number="15" hits="27" branch="false"/>
<line number="17" hits="27" branch="false"/>
<line number="20" hits="27" branch="false"/>
</lines>
</class>
</classes>
</package>
<package name="src.components.App" line-rate="0.75" branch-rate="1">
<classes>
<class name="index.js" filename="src/components/App/index.js" line-rate="0.75" branch-rate="1">
<methods>
<method name="App" hits="21" signature="()V">
<lines>
<line number="15" hits="21"/>
</lines>
</method>
<method name="(anonymous_1)" hits="0" signature="()V">
<lines>
<line number="22" hits="0"/>
</lines>
</method>
<method name="(anonymous_2)" hits="24" signature="()V">
<lines>
<line number="37" hits="24"/>
</lines>
</method>
</methods>
<lines>
<line number="16" hits="21" branch="false"/>
<line number="22" hits="0" branch="false"/>
<line number="31" hits="2" branch="false"/>
<line number="37" hits="24" branch="false"/>
</lines>
</class>
</classes>
</package>
<package name="src.components.CommonModal" line-rate="1" branch-rate="1">
<classes>
<class name="CommonModal.js" filename="src/components/CommonModal/CommonModal.js" line-rate="1" branch-rate="1">
<methods>
<method name="(anonymous_0)" hits="12" signature="()V">
<lines>
<line number="9" hits="12"/>
</lines>
</method>
</methods>
<lines>
<line number="10" hits="12" branch="false"/>
<line number="11" hits="12" branch="false"/>
<line number="41" hits="6" branch="false"/>
</lines>
</class>
</classes>
</package>
<package name="src.components.CreateTrial" line-rate="0.9339" branch-rate="0.8542000000000001">
<classes>
<class name="constants.js" filename="src/components/CreateTrial/constants.js" line-rate="1" branch-rate="1">
<methods> </methods>
<lines>
<line number="6" hits="9" branch="false"/>
<line number="7" hits="9" branch="false"/>
<line number="8" hits="9" branch="false"/>
<line number="9" hits="9" branch="false"/>
<line number="10" hits="9" branch="false"/>
<line number="11" hits="9" branch="false"/>
<line number="12" hits="9" branch="false"/>
<line number="13" hits="9" branch="false"/>
<line number="14" hits="9" branch="false"/>
<line number="15" hits="9" branch="false"/>
<line number="16" hits="9" branch="false"/>
<line number="23" hits="9" branch="false"/>
<line number="24" hits="9" branch="false"/>
<line number="30" hits="9" branch="false"/>
<line number="40" hits="9" branch="false"/>
<line number="42" hits="9" branch="false"/>
</lines>
</class>
<class name="index.js" filename="src/components/CreateTrial/index.js" line-rate="0.9223" branch-rate="0.8526">
<methods>
<method name="(anonymous_0)" hits="124" signature="()V">
<lines>
<line number="20" hits="124"/>
</lines>
</method>
<method name="(anonymous_1)" hits="124" signature="()V">
<lines>
<line number="35" hits="124"/>
</lines>
</method>
<method name="(anonymous_2)" hits="897" signature="()V">
<lines>
<line number="39" hits="897"/>
</lines>
</method>
<method name="(anonymous_3)" hits="258" signature="()V">
<lines>
<line number="51" hits="258"/>
</lines>
</method>
<method name="(anonymous_4)" hits="85" signature="()V">
<lines>
<line number="95" hits="85"/>
</lines>
</method>
<method name="(anonymous_5)" hits="595" signature="()V">
<lines>
<line number="98" hits="595"/>
</lines>
</method>
<method name="(anonymous_6)" hits="88" signature="()V">
<lines>
<line number="101" hits="88"/>
</lines>
</method>
<method name="(anonymous_7)" hits="85" signature="()V">
<lines>
<line number="114" hits="85"/>
</lines>
</method>
<method name="(anonymous_8)" hits="831" signature="()V">
<lines>
<line number="119" hits="831"/>
</lines>
</method>
<method name="(anonymous_9)" hits="2194" signature="()V">
<lines>
<line number="122" hits="2194"/>
</lines>
</method>
<method name="(anonymous_10)" hits="258" signature="()V">
<lines>
<line number="128" hits="258"/>
</lines>
</method>
<method name="(anonymous_11)" hits="0" signature="()V">
<lines>
<line number="138" hits="0"/>
</lines>
</method>
<method name="(anonymous_12)" hits="85" signature="()V">
<lines>
<line number="154" hits="85"/>
</lines>
</method>
<method name="(anonymous_13)" hits="136" signature="()V">
<lines>
<line number="171" hits="136"/>
</lines>
</method>
<method name="(anonymous_14)" hits="0" signature="()V">
<lines>
<line number="172" hits="0"/>
</lines>
</method>
<method name="(anonymous_15)" hits="67" signature="()V">
<lines>
<line number="180" hits="67"/>
</lines>
</method>
<method name="(anonymous_16)" hits="264" signature="()V">
<lines>
<line number="183" hits="264"/>
</lines>
</method>
<method name="(anonymous_17)" hits="767" signature="()V">
<lines>
<line number="192" hits="767"/>
</lines>
</method>
<method name="(anonymous_18)" hits="2" signature="()V">
<lines>
<line number="194" hits="2"/>
</lines>
</method>
<method name="(anonymous_19)" hits="0" signature="()V">
<lines>
<line number="281" hits="0"/>
</lines>
</method>
<method name="(anonymous_20)" hits="0" signature="()V">
<lines>
<line number="284" hits="0"/>
</lines>
</method>
<method name="(anonymous_21)" hits="51952" signature="()V">
<lines>
<line number="302" hits="51952"/>
</lines>
</method>
</methods>
<lines>
<line number="16" hits="3" branch="false"/>
<line number="21" hits="124" branch="false"/>
<line number="22" hits="124" branch="false"/>
<line number="23" hits="124" branch="true" condition-coverage="100% (2/2)"/>
<line number="24" hits="124" branch="true" condition-coverage="100% (2/2)"/>
<line number="25" hits="3" branch="false"/>
<line number="27" hits="124" branch="false"/>
<line number="36" hits="124" branch="false"/>
<line number="40" hits="897" branch="false"/>
<line number="45" hits="897" branch="true" condition-coverage="100% (2/2)"/>
<line number="46" hits="883" branch="false"/>
<line number="48" hits="897" branch="false"/>
<line number="52" hits="258" branch="false"/>
<line number="53" hits="258" branch="false"/>
<line number="54" hits="258" branch="false"/>
<line number="55" hits="258" branch="true" condition-coverage="100% (2/2)"/>
<line number="56" hits="2" branch="false"/>
<line number="57" hits="2" branch="false"/>
<line number="58" hits="2" branch="false"/>
<line number="60" hits="256" branch="true" condition-coverage="100% (2/2)"/>
<line number="61" hits="85" branch="true" condition-coverage="75% (3/4)"/>
<line number="62" hits="2" branch="false"/>
<line number="64" hits="85" branch="true" condition-coverage="50% (2/4)"/>
<line number="65" hits="0" branch="false"/>
<line number="67" hits="85" branch="true" condition-coverage="100% (2/2)"/>
<line number="68" hits="2" branch="false"/>
<line number="70" hits="85" branch="true" condition-coverage="100% (2/2)"/>
<line number="71" hits="2" branch="false"/>
<line number="73" hits="85" branch="true" condition-coverage="100% (2/2)"/>
<line number="74" hits="4" branch="false"/>
<line number="76" hits="85" branch="true" condition-coverage="100% (2/2)"/>
<line number="77" hits="5" branch="false"/>
<line number="79" hits="85" branch="true" condition-coverage="100% (2/2)"/>
<line number="80" hits="3" branch="false"/>
<line number="83" hits="85" branch="true" condition-coverage="50% (1/2)"/>
<line number="84" hits="0" branch="true" condition-coverage="0% (0/2)"/>
<line number="85" hits="0" branch="false"/>
<line number="87" hits="0" branch="true" condition-coverage="0% (0/2)"/>
<line number="88" hits="0" branch="false"/>
<line number="92" hits="256" branch="false"/>
<line number="97" hits="85" branch="false"/>
<line number="98" hits="595" branch="true" condition-coverage="100% (2/2)"/>
<line number="102" hits="88" branch="false"/>
<line number="103" hits="88" branch="true" condition-coverage="100% (2/2)"/>
<line number="104" hits="88" branch="true" condition-coverage="100% (2/2)"/>
<line number="105" hits="88" branch="false"/>
<line number="106" hits="88" branch="false"/>
<line number="115" hits="85" branch="false"/>
<line number="116" hits="85" branch="false"/>
<line number="119" hits="124" branch="false"/>
<line number="120" hits="831" branch="false"/>
<line number="121" hits="831" branch="false"/>
<line number="122" hits="2194" branch="true" condition-coverage="100% (5/5)"/>
<line number="128" hits="124" branch="false"/>
<line number="129" hits="258" branch="true" condition-coverage="50% (1/2)"/>
<line number="130" hits="0" branch="false"/>
<line number="133" hits="258" branch="true" condition-coverage="100% (2/2)"/>
<line number="138" hits="3" branch="false"/>
<line number="139" hits="3" branch="true" condition-coverage="100% (2/2)"/>
<line number="143" hits="1" branch="false"/>
<line number="145" hits="3" branch="false"/>
<line number="150" hits="255" branch="false"/>
<line number="154" hits="124" branch="false"/>
<line number="155" hits="85" branch="false"/>
<line number="156" hits="85" branch="false"/>
<line number="158" hits="85" branch="true" condition-coverage="100% (2/2)"/>
<line number="159" hits="85" branch="true" condition-coverage="100% (2/2)"/>
<line number="160" hits="85" branch="false"/>
<line number="162" hits="85" branch="true" condition-coverage="100% (2/2)"/>
<line number="163" hits="68" branch="false"/>
<line number="168" hits="68" branch="false"/>
<line number="170" hits="68" branch="false"/>
<line number="171" hits="136" branch="false"/>
<line number="173" hits="0" branch="false"/>
<line number="180" hits="124" branch="false"/>
<line number="181" hits="67" branch="false"/>
<line number="182" hits="67" branch="true" condition-coverage="100% (2/2)"/>
<line number="183" hits="264" branch="false"/>
<line number="184" hits="66" branch="false"/>
<line number="185" hits="66" branch="true" condition-coverage="50% (1/2)"/>
<line number="186" hits="66" branch="true" condition-coverage="50% (1/2)"/>
<line number="187" hits="66" branch="true" condition-coverage="50% (1/2)"/>
<line number="188" hits="66" branch="false"/>
<line number="193" hits="767" branch="false"/>
<line number="194" hits="767" branch="false"/>
<line number="195" hits="767" branch="false"/>
<line number="196" hits="767" branch="false"/>
<line number="198" hits="767" branch="true" condition-coverage="100% (2/2)"/>
<line number="199" hits="753" branch="false"/>
<line number="200" hits="753" branch="false"/>
<line number="201" hits="753" branch="true" condition-coverage="50% (1/2)"/>
<line number="202" hits="753" branch="false"/>
<line number="203" hits="753" branch="false"/>
<line number="205" hits="753" branch="false"/>
<line number="259" hits="767" branch="false"/>
<line number="260" hits="767" branch="true" condition-coverage="100% (2/2)"/>
<line number="261" hits="3" branch="false"/>
<line number="268" hits="764" branch="false"/>
<line number="282" hits="0" branch="false"/>
<line number="303" hits="51952" branch="false"/>
<line number="359" hits="767" branch="false"/>
<line number="382" hits="3" branch="false"/>
<line number="397" hits="3" branch="false"/>
</lines>
</class>
<class name="model.js" filename="src/components/CreateTrial/model.js" line-rate="1" branch-rate="1">
<methods>
<method name="(anonymous_0)" hits="23" signature="()V">
<lines>
<line number="2" hits="23"/>
</lines>
</method>
</methods>
<lines>
<line number="3" hits="23" branch="false"/>
<line number="4" hits="23" branch="false"/>
</lines>
</class>
</classes>
</package>
<package name="src.components.Error" line-rate="0.16670000000000001" branch-rate="0">
<classes>
<class name="index.js" filename="src/components/Error/index.js" line-rate="0.16670000000000001" branch-rate="0">
<methods>
<method name="CommonErrorComponent" hits="0" signature="()V">
<lines>
<line number="12" hits="0"/>
</lines>
</method>
<method name="(anonymous_1)" hits="0" signature="()V">
<lines>
<line number="14" hits="0"/>
</lines>
</method>
</methods>
<lines>
<line number="13" hits="0" branch="false"/>
<line number="14" hits="0" branch="false"/>
<line number="15" hits="0" branch="false"/>
<line number="16" hits="0" branch="false"/>
<line number="19" hits="0" branch="false"/>
<line number="45" hits="1" branch="false"/>
</lines>
</class>
</classes>
</package>
<package name="src.components.ErrorBoundary" line-rate="1" branch-rate="1">
<classes>
<class name="index.js" filename="src/components/ErrorBoundary/index.js" line-rate="1" branch-rate="1">
<methods>
<method name="(anonymous_0)" hits="2" signature="()V">
<lines>
<line number="12" hits="2"/>
</lines>
</method>
<method name="(anonymous_1)" hits="24" signature="()V">
<lines>
<line number="18" hits="24"/>
</lines>
</method>
<method name="(anonymous_2)" hits="24" signature="()V">
<lines>
<line number="36" hits="24"/>
</lines>
</method>
<method name="(anonymous_3)" hits="5" signature="()V">
<lines>
<line number="40" hits="5"/>
</lines>
</method>
</methods>
<lines>
<line number="13" hits="2" branch="false"/>
<line number="14" hits="2" branch="false"/>
<line number="15" hits="2" branch="false"/>
<line number="19" hits="24" branch="false"/>
<line number="21" hits="24" branch="true" condition-coverage="100% (2/2)"/>
<line number="22" hits="1" branch="false"/>
<line number="25" hits="23" branch="false"/>
<line number="28" hits="2" branch="false"/>
<line number="36" hits="24" branch="false"/>
<line number="40" hits="5" branch="false"/>
</lines>
</class>
</classes>
</package>
<package name="src.components.ExistingUserModal" line-rate="1" branch-rate="1">
<classes>
<class name="index.js" filename="src/components/ExistingUserModal/index.js" line-rate="1" branch-rate="1">
<methods>
<method name="(anonymous_0)" hits="15" signature="()V">
<lines>
<line number="14" hits="15"/>
</lines>
</method>
<method name="(anonymous_1)" hits="3" signature="()V">
<lines>
<line number="18" hits="3"/>
</lines>
</method>
<method name="(anonymous_2)" hits="3" signature="()V">
<lines>
<line number="19" hits="3"/>
</lines>
</method>
<method name="(anonymous_3)" hits="17" signature="()V">
<lines>
<line number="28" hits="17"/>
</lines>
</method>
<method name="(anonymous_4)" hits="17" signature="()V">
<lines>
<line number="31" hits="17"/>
</lines>
</method>
</methods>
<lines>
<line number="10" hits="7" branch="false"/>
<line number="15" hits="15" branch="false"/>
<line number="18" hits="15" branch="false"/>
<line number="19" hits="3" branch="false"/>
<line number="20" hits="3" branch="true" condition-coverage="100% (2/2)"/>
<line number="21" hits="1" branch="false"/>
<line number="23" hits="2" branch="false"/>
<line number="29" hits="17" branch="false"/>
<line number="30" hits="17" branch="false"/>
<line number="31" hits="17" branch="false"/>
<line number="32" hits="17" branch="true" condition-coverage="100% (2/2)"/>
<line number="33" hits="3" branch="false"/>
<line number="35" hits="14" branch="false"/>
<line number="37" hits="17" branch="false"/>
<line number="94" hits="7" branch="false"/>
<line number="103" hits="7" branch="false"/>
</lines>
</class>
</classes>
</package>
<package name="src.components.ExpiredSession" line-rate="1" branch-rate="1">
<classes>
<class name="index.js" filename="src/components/ExpiredSession/index.js" line-rate="1" branch-rate="1">
<methods>
<method name="ExpiredSession" hits="22" signature="()V">
<lines>
<line number="8" hits="22"/>
</lines>
</method>
</methods>
<lines>
<line number="9" hits="22" branch="false"/>
<line number="11" hits="22" branch="false"/>
<line number="51" hits="3" branch="false"/>
</lines>
</class>
</classes>
</package>
<package name="src.components.Footer" line-rate="1" branch-rate="1">
<classes>
<class name="constants.js" filename="src/components/Footer/constants.js" line-rate="1" branch-rate="1">
<methods> </methods>
<lines>
<line number="3" hits="3" branch="false"/>
</lines>
</class>
<class name="index.js" filename="src/components/Footer/index.js" line-rate="1" branch-rate="1">
<methods>
<method name="(anonymous_0)" hits="10" signature="()V">
<lines>
<line number="14" hits="10"/>
</lines>
</method>
<method name="(anonymous_1)" hits="12" signature="()V">
<lines>
<line number="19" hits="12"/>
</lines>
</method>
<method name="(anonymous_2)" hits="22" signature="()V">
<lines>
<line number="26" hits="22"/>
</lines>
</method>
<method name="(anonymous_3)" hits="44" signature="()V">
<lines>
<line number="27" hits="44"/>
</lines>
</method>
<method name="(anonymous_4)" hits="25" signature="()V">
<lines>
<line number="30" hits="25"/>
</lines>
</method>
</methods>
<lines>
<line number="15" hits="10" branch="false"/>
<line number="16" hits="10" branch="false"/>
<line number="19" hits="10" branch="false"/>
<line number="20" hits="12" branch="false"/>
<line number="27" hits="44" branch="false"/>
<line number="31" hits="25" branch="false"/>
<line number="32" hits="25" branch="false"/>
<line number="33" hits="25" branch="false"/>
<line number="34" hits="25" branch="true" condition-coverage="100% (2/2)"/>
<line number="75" hits="25" branch="false"/>
<line number="83" hits="3" branch="false"/>
</lines>
</class>
</classes>
</package>
<package name="src.components.Header" line-rate="0.6667000000000001" branch-rate="0.75">
<classes>
<class name="constants.js" filename="src/components/Header/constants.js" line-rate="1" branch-rate="1">
<methods> </methods>
<lines>
<line number="1" hits="4" branch="false"/>
<line number="2" hits="4" branch="false"/>
</lines>
</class>
<class name="index.js" filename="src/components/Header/index.js" line-rate="0.6" branch-rate="0.75">
<methods>
<method name="Header" hits="47" signature="()V">
<lines>
<line number="15" hits="47"/>
</lines>
</method>
<method name="(anonymous_1)" hits="0" signature="()V">
<lines>
<line number="29" hits="0"/>
</lines>
</method>
<method name="(anonymous_2)" hits="0" signature="()V">
<lines>
<line number="41" hits="0"/>
</lines>
</method>
<method name="(anonymous_3)" hits="0" signature="()V">
<lines>
<line number="55" hits="0"/>
</lines>
</method>
<method name="(anonymous_4)" hits="0" signature="()V">
<lines>
<line number="67" hits="0"/>
</lines>
</method>
</methods>
<lines>
<line number="13" hits="3" branch="false"/>
<line number="16" hits="47" branch="false"/>
<line number="17" hits="47" branch="false"/>
<line number="18" hits="47" branch="false"/>
<line number="19" hits="47" branch="false"/>
<line number="30" hits="0" branch="false"/>
<line number="42" hits="0" branch="false"/>
<line number="56" hits="0" branch="false"/>
<line number="68" hits="0" branch="false"/>
<line number="82" hits="3" branch="false"/>
</lines>
</class>
</classes>
</package>
<package name="src.components.HelpIcon" line-rate="0.47619999999999996" branch-rate="0.125">
<classes>
<class name="index.js" filename="src/components/HelpIcon/index.js" line-rate="0.47619999999999996" branch-rate="0.125">
<methods>
<method name="(anonymous_0)" hits="201" signature="()V">
<lines>
<line number="10" hits="201"/>
</lines>
</method>
<method name="(anonymous_1)" hits="201" signature="()V">
<lines>
<line number="19" hits="201"/>
</lines>
</method>
<method name="(anonymous_2)" hits="0" signature="()V">
<lines>
<line number="23" hits="0"/>
</lines>
</method>
<method name="(anonymous_3)" hits="880" signature="()V">
<lines>
<line number="43" hits="880"/>
</lines>
</method>
</methods>
<lines>
<line number="7" hits="7" branch="false"/>
<line number="11" hits="201" branch="false"/>
<line number="12" hits="201" branch="false"/>
<line number="15" hits="201" branch="false"/>
<line number="16" hits="201" branch="false"/>
<line number="20" hits="201" branch="false"/>
<line number="23" hits="201" branch="false"/>
<line number="24" hits="0" branch="false"/>
<line number="26" hits="0" branch="false"/>
<line number="27" hits="0" branch="false"/>
<line number="28" hits="0" branch="false"/>
<line number="29" hits="0" branch="false"/>
<line number="31" hits="0" branch="true" condition-coverage="0% (0/2)"/>
<line number="32" hits="0" branch="true" condition-coverage="0% (0/2)"/>
<line number="33" hits="0" branch="false"/>
<line number="36" hits="0" branch="true" condition-coverage="0% (0/2)"/>
<line number="37" hits="0" branch="false"/>
<line number="39" hits="0" branch="false"/>
<line number="44" hits="880" branch="false"/>
<line number="45" hits="880" branch="false"/>
<line number="46" hits="880" branch="false"/>
</lines>
</class>
</classes>
</package>
<package name="src.components.InfoModal" line-rate="0.9286" branch-rate="0.8">
<classes>
<class name="index.js" filename="src/components/InfoModal/index.js" line-rate="0.9286" branch-rate="0.8">
<methods>
<method name="InfoModal" hits="12" signature="()V">
<lines>
<line number="14" hits="12"/>
</lines>
</method>
<method name="(anonymous_1)" hits="12" signature="()V">
<lines>
<line number="20" hits="12"/>
</lines>
</method>
</methods>
<lines>
<line number="12" hits="6" branch="false"/>
<line number="15" hits="12" branch="true" condition-coverage="100% (2/2)"/>
<line number="16" hits="6" branch="false"/>
<line number="18" hits="6" branch="false"/>
<line number="20" hits="12" branch="false"/>
<line number="21" hits="12" branch="true" condition-coverage="100% (2/2)"/>
<line number="22" hits="6" branch="false"/>
<line number="24" hits="6" branch="true" condition-coverage="50% (1/2)"/>
<line number="25" hits="6" branch="false"/>
<line number="34" hits="0" branch="false"/>
<line number="37" hits="12" branch="false"/>
<line number="38" hits="12" branch="true" condition-coverage="100% (2/2)"/>
<line number="40" hits="12" branch="false"/>
<line number="64" hits="6" branch="false"/>
</lines>
</class>
</classes>
</package>
<package name="src.components.Loading" line-rate="1" branch-rate="1">
<classes>
<class name="index.js" filename="src/components/Loading/index.js" line-rate="1" branch-rate="1">
<methods>
<method name="Loading" hits="12" signature="()V">
<lines>
<line number="3" hits="12"/>
</lines>
</method>
</methods>
<lines>
<line number="4" hits="12" branch="false"/>
</lines>
</class>
</classes>
</package>
<package name="src.components.MetaComponent" line-rate="1" branch-rate="1">
<classes>
<class name="index.js" filename="src/components/MetaComponent/index.js" line-rate="1" branch-rate="1">
<methods>
<method name="MetaComponent" hits="21" signature="()V">
<lines>
<line number="7" hits="21"/>
</lines>
</method>
</methods>
<lines>
<line number="8" hits="21" branch="false"/>
<line number="17" hits="3" branch="false"/>
</lines>
</class>
</classes>
</package>
<package name="src.components.OrderStatusPending" line-rate="0.7368000000000001" branch-rate="0.5">
<classes>
<class name="index.js" filename="src/components/OrderStatusPending/index.js" line-rate="0.7368000000000001" branch-rate="0.5">
<methods>
<method name="OrderStatusPending" hits="13" signature="()V">
<lines>
<line number="14" hits="13"/>
</lines>
</method>
<method name="(anonymous_1)" hits="0" signature="()V">
<lines>
<line number="28" hits="0"/>
</lines>
</method>
</methods>
<lines>
<line number="10" hits="2" branch="false"/>
<line number="11" hits="2" branch="false"/>
<line number="12" hits="2" branch="false"/>
<line number="15" hits="13" branch="false"/>
<line number="16" hits="13" branch="false"/>
<line number="17" hits="13" branch="false"/>
<line number="18" hits="13" branch="true" condition-coverage="50% (1/2)"/>
<line number="20" hits="0" branch="false"/>
<line number="21" hits="0" branch="false"/>
<line number="22" hits="0" branch="false"/>
<line number="23" hits="0" branch="false"/>
<line number="25" hits="3" branch="false"/>
<line number="26" hits="3" branch="false"/>
<line number="27" hits="3" branch="false"/>
<line number="28" hits="3" branch="false"/>
<line number="29" hits="0" branch="false"/>
<line number="31" hits="3" branch="false"/>
<line number="33" hits="13" branch="false"/>
<line number="67" hits="2" branch="false"/>
</lines>
</class>
</classes>
</package>
<package name="src.components.PasswordTooltip" line-rate="1" branch-rate="1">
<classes>
<class name="index.js" filename="src/components/PasswordTooltip/index.js" line-rate="1" branch-rate="1">
<methods>
<method name="(anonymous_0)" hits="101" signature="()V">
<lines>
<line number="22" hits="101"/>
</lines>
</method>
<method name="(anonymous_1)" hits="13" signature="()V">
<lines>
<line number="29" hits="13"/>
</lines>
</method>
<method name="(anonymous_2)" hits="16" signature="()V">
<lines>
<line number="40" hits="16"/>
</lines>
</method>
<method name="(anonymous_3)" hits="13" signature="()V">
<lines>
<line number="47" hits="13"/>
</lines>
</method>
</methods>
<lines>
<line number="8" hits="11" branch="false"/>
<line number="23" hits="101" branch="true" condition-coverage="100% (2/2)"/>
<line number="24" hits="32" branch="true" condition-coverage="100% (2/2)"/>
<line number="26" hits="69" branch="false"/>
<line number="30" hits="13" branch="false"/>
<line number="31" hits="13" branch="false"/>
<line number="32" hits="13" branch="false"/>
<line number="33" hits="13" branch="false"/>
<line number="34" hits="13" branch="false"/>
<line number="35" hits="13" branch="false"/>
<line number="36" hits="13" branch="false"/>
<line number="37" hits="13" branch="false"/>
<line number="38" hits="13" branch="false"/>
<line number="39" hits="13" branch="false"/>
<line number="40" hits="13" branch="false"/>
<line number="41" hits="16" branch="false"/>
<line number="45" hits="8" branch="false"/>
<line number="48" hits="13" branch="false"/>
<line number="49" hits="13" branch="false"/>
<line number="50" hits="13" branch="false"/>
<line number="114" hits="11" branch="false"/>
</lines>
</class>
</classes>
</package>
<package name="src.components.PinChallenge" line-rate="0.6574" branch-rate="0.6545000000000001">
<classes>
<class name="index.js" filename="src/components/PinChallenge/index.js" line-rate="0.6574" branch-rate="0.6545000000000001">
<methods>
<method name="getHelpLinkByLang" hits="0" signature="()V">
<lines>
<line number="20" hits="0"/>
</lines>
</method>
<method name="(anonymous_1)" hits="7" signature="()V">
<lines>
<line number="29" hits="7"/>
</lines>
</method>
<method name="(anonymous_2)" hits="7" signature="()V">
<lines>
<line number="50" hits="7"/>
</lines>
</method>
<method name="(anonymous_3)" hits="9" signature="()V">
<lines>
<line number="54" hits="9"/>
</lines>
</method>
<method name="(anonymous_4)" hits="1" signature="()V">
<lines>
<line number="60" hits="1"/>
</lines>
</method>
<method name="(anonymous_5)" hits="1" signature="()V">
<lines>
<line number="66" hits="1"/>
</lines>
</method>
<method name="(anonymous_6)" hits="1" signature="()V">
<lines>
<line number="72" hits="1"/>
</lines>
</method>
<method name="(anonymous_7)" hits="0" signature="()V">
<lines>
<line number="83" hits="0"/>
</lines>
</method>
<method name="(anonymous_8)" hits="0" signature="()V">
<lines>
<line number="96" hits="0"/>
</lines>
</method>
<method name="(anonymous_9)" hits="0" signature="()V">
<lines>
<line number="97" hits="0"/>
</lines>
</method>
<method name="(anonymous_10)" hits="1" signature="()V">
<lines>
<line number="106" hits="1"/>
</lines>
</method>
<method name="(anonymous_11)" hits="0" signature="()V">
<lines>
<line number="164" hits="0"/>
</lines>
</method>
<method name="(anonymous_12)" hits="0" signature="()V">
<lines>
<line number="168" hits="0"/>
</lines>
</method>
<method name="(anonymous_13)" hits="0" signature="()V">
<lines>
<line number="176" hits="0"/>
</lines>
</method>
<method name="(anonymous_14)" hits="16" signature="()V">
<lines>
<line number="180" hits="16"/>
</lines>
</method>
<method name="(anonymous_15)" hits="0" signature="()V">
<lines>
<line number="193" hits="0"/>
</lines>
</method>
<method name="(anonymous_16)" hits="0" signature="()V">
<lines>
<line number="260" hits="0"/>
</lines>
</method>
<method name="(anonymous_17)" hits="0" signature="()V">
<lines>
<line number="263" hits="0"/>
</lines>
</method>
<method name="(anonymous_18)" hits="0" signature="()V">
<lines>
<line number="286" hits="0"/>
</lines>
</method>
<method name="(anonymous_19)" hits="0" signature="()V">
<lines>
<line number="289" hits="0"/>
</lines>
</method>
<method name="(anonymous_20)" hits="0" signature="()V">
<lines>
<line number="343" hits="0"/>
</lines>
</method>
<method name="(anonymous_21)" hits="1" signature="()V">
<lines>
<line number="344" hits="1"/>
</lines>
</method>
</methods>
<lines>
<line number="13" hits="3" branch="false"/>
<line number="15" hits="3" branch="false"/>
<line number="16" hits="3" branch="false"/>
<line number="17" hits="3" branch="false"/>
<line number="18" hits="3" branch="false"/>
<line number="21" hits="0" branch="false"/>
<line number="22" hits="0" branch="false"/>
<line number="24" hits="0" branch="false"/>
<line number="30" hits="7" branch="false"/>
<line number="32" hits="7" branch="false"/>
<line number="34" hits="7" branch="false"/>
<line number="35" hits="7" branch="false"/>
<line number="36" hits="7" branch="false"/>
<line number="37" hits="7" branch="false"/>
<line number="39" hits="7" branch="false"/>
<line number="51" hits="7" branch="false"/>
<line number="55" hits="9" branch="true" condition-coverage="100% (4/4)"/>
<line number="56" hits="3" branch="false"/>
<line number="60" hits="7" branch="false"/>
<line number="61" hits="1" branch="false"/>
<line number="62" hits="1" branch="false"/>
<line number="67" hits="1" branch="false"/>
<line number="72" hits="7" branch="false"/>
<line number="73" hits="1" branch="false"/>
<line number="74" hits="1" branch="false"/>
<line number="75" hits="1" branch="false"/>
<line number="79" hits="1" branch="false"/>
<line number="80" hits="1" branch="false"/>
<line number="83" hits="7" branch="false"/>
<line number="84" hits="0" branch="false"/>
<line number="85" hits="0" branch="false"/>
<line number="86" hits="0" branch="false"/>
<line number="92" hits="0" branch="false"/>
<line number="93" hits="0" branch="false"/>
<line number="96" hits="7" branch="false"/>
<line number="97" hits="0" branch="false"/>
<line number="98" hits="0" branch="false"/>
<line number="99" hits="0" branch="false"/>
<line number="106" hits="7" branch="false"/>
<line number="107" hits="1" branch="false"/>
<line number="108" hits="1" branch="false"/>
<line number="110" hits="1" branch="true" condition-coverage="50% (1/2)"/>
<line number="111" hits="0" branch="false"/>
<line number="112" hits="0" branch="false"/>
<line number="115" hits="1" branch="true" condition-coverage="25% (1/4)"/>
<line number="117" hits="0" branch="false"/>
<line number="118" hits="0" branch="false"/>
<line number="121" hits="0" branch="false"/>
<line number="122" hits="0" branch="false"/>
<line number="125" hits="0" branch="false"/>
<line number="126" hits="0" branch="false"/>
<line number="129" hits="1" branch="false"/>
<line number="133" hits="1" branch="false"/>
<line number="134" hits="1" branch="false"/>
<line number="137" hits="1" branch="false"/>
<line number="139" hits="1" branch="false"/>
<line number="141" hits="1" branch="true" condition-coverage="50% (1/2)"/>
<line number="142" hits="1" branch="false"/>
<line number="143" hits="1" branch="false"/>
<line number="144" hits="1" branch="true" condition-coverage="50% (1/2)"/>
<line number="145" hits="1" branch="true" condition-coverage="50% (1/2)"/>
<line number="147" hits="1" branch="false"/>
<line number="148" hits="1" branch="false"/>
<line number="150" hits="1" branch="false"/>
<line number="154" hits="1" branch="true" condition-coverage="50% (2/4)"/>
<line number="155" hits="0" branch="false"/>
<line number="156" hits="0" branch="false"/>
<line number="157" hits="0" branch="true" condition-coverage="0% (0/2)"/>
<line number="158" hits="0" branch="false"/>
<line number="160" hits="0" branch="false"/>
<line number="164" hits="7" branch="false"/>
<line number="165" hits="0" branch="false"/>
<line number="166" hits="0" branch="false"/>
<line number="167" hits="0" branch="false"/>
<line number="169" hits="0" branch="false"/>
<line number="170" hits="0" branch="false"/>
<line number="176" hits="7" branch="false"/>
<line number="177" hits="0" branch="false"/>
<line number="181" hits="16" branch="false"/>
<line number="182" hits="16" branch="false"/>
<line number="183" hits="16" branch="false"/>
<line number="184" hits="16" branch="false"/>
<line number="186" hits="16" branch="false"/>
<line number="188" hits="16" branch="true" condition-coverage="50% (1/2)"/>
<line number="189" hits="16" branch="false"/>
<line number="191" hits="16" branch="true" condition-coverage="100% (5/5)"/>
<line number="192" hits="2" branch="false"/>
<line number="193" hits="0" branch="false"/>
<line number="197" hits="14" branch="true" condition-coverage="100% (2/2)"/>
<line number="198" hits="13" branch="true" condition-coverage="100% (2/2)"/>
<line number="213" hits="16" branch="true" condition-coverage="100% (4/4)"/>
<line number="214" hits="3" branch="false"/>
<line number="215" hits="3" branch="false"/>
<line number="216" hits="3" branch="false"/>
<line number="217" hits="3" branch="false"/>
<line number="224" hits="13" branch="true" condition-coverage="50% (1/2)"/>
<line number="225" hits="0" branch="false"/>
<line number="226" hits="0" branch="false"/>
<line number="229" hits="16" branch="true" condition-coverage="100% (2/2)"/>
<line number="230" hits="2" branch="false"/>
<line number="231" hits="2" branch="false"/>
<line number="238" hits="16" branch="false"/>
<line number="261" hits="0" branch="false"/>
<line number="264" hits="0" branch="false"/>
<line number="287" hits="0" branch="false"/>
<line number="290" hits="0" branch="false"/>
<line number="338" hits="3" branch="false"/>
<line number="349" hits="3" branch="false"/>
</lines>
</class>
</classes>
</package>
<package name="src.components.SignUp" line-rate="0.75" branch-rate="0.8519">
<classes>
<class name="constants.js" filename="src/components/SignUp/constants.js" line-rate="1" branch-rate="1">
<methods> </methods>
<lines>
<line number="11" hits="5" branch="false"/>
<line number="12" hits="5" branch="false"/>
<line number="22" hits="5" branch="false"/>
</lines>
</class>
<class name="index.js" filename="src/components/SignUp/index.js" line-rate="0.6923" branch-rate="0.8519">
<methods>
<method name="(anonymous_0)" hits="0" signature="()V">
<lines>
<line number="26" hits="0"/>
</lines>
</method>
<method name="(anonymous_1)" hits="111" signature="()V">
<lines>
<line number="30" hits="111"/>
</lines>
</method>
<method name="(anonymous_2)" hits="0" signature="()V">
<lines>
<line number="147" hits="0"/>
</lines>
</method>
</methods>
<lines>
<line number="26" hits="75" branch="false"/>
<line number="27" hits="0" branch="false"/>
<line number="40" hits="111" branch="false"/>
<line number="41" hits="111" branch="false"/>
<line number="42" hits="111" branch="false"/>
<line number="43" hits="111" branch="true" condition-coverage="100% (2/2)"/>
<line number="44" hits="3" branch="false"/>
<line number="65" hits="111" branch="false"/>
<line number="148" hits="0" branch="true" condition-coverage="0% (0/2)"/>
<line number="149" hits="0" branch="false"/>
<line number="150" hits="0" branch="false"/>
<line number="192" hits="5" branch="false"/>
<line number="216" hits="5" branch="false"/>
</lines>
</class>
</classes>
</package>
<package name="src.components.SignUpAlt" line-rate="0.8234999999999999" branch-rate="0.6111">
<classes>
<class name="constants.js" filename="src/components/SignUpAlt/constants.js" line-rate="1" branch-rate="1">
<methods> </methods>
<lines>
<line number="11" hits="2" branch="false"/>
<line number="12" hits="2" branch="false"/>
<line number="22" hits="2" branch="false"/>
</lines>
</class>
<class name="index.js" filename="src/components/SignUpAlt/index.js" line-rate="0.7857" branch-rate="0.6111">
<methods>
<method name="(anonymous_0)" hits="2" signature="()V">
<lines>
<line number="25" hits="2"/>
</lines>
</method>
</methods>
<lines>
<line number="25" hits="2" branch="false"/>
<line number="26" hits="2" branch="false"/>
<line number="27" hits="2" branch="false"/>
<line number="28" hits="2" branch="false"/>
<line number="29" hits="2" branch="false"/>
<line number="30" hits="2" branch="false"/>
<line number="31" hits="2" branch="true" condition-coverage="50% (1/2)"/>
<line number="32" hits="0" branch="false"/>
<line number="33" hits="0" branch="false"/>
<line number="36" hits="2" branch="false"/>
<line number="37" hits="2" branch="true" condition-coverage="50% (1/2)"/>
<line number="38" hits="0" branch="false"/>
<line number="59" hits="2" branch="false"/>
<line number="234" hits="2" branch="false"/>
</lines>
</class>
</classes>
</package>
<package name="src.components.SignUpDG" line-rate="0.8824" branch-rate="1">
<classes>
<class name="index.js" filename="src/components/SignUpDG/index.js" line-rate="0.8824" branch-rate="1">
<methods>
<method name="(anonymous_0)" hits="55" signature="()V">
<lines>
<line number="21" hits="55"/>
</lines>
</method>
<method name="(anonymous_1)" hits="56" signature="()V">
<lines>
<line number="36" hits="56"/>
</lines>
</method>
<method name="(anonymous_2)" hits="0" signature="()V">
<lines>
<line number="40" hits="0"/>
</lines>
</method>
<method name="(anonymous_3)" hits="85" signature="()V">
<lines>
<line number="45" hits="85"/>
</lines>
</method>
<method name="(anonymous_4)" hits="340" signature="()V">
<lines>
<line number="56" hits="340"/>
</lines>
</method>
<method name="(anonymous_5)" hits="510" signature="()V">
<lines>
<line number="168" hits="510"/>
</lines>
</method>
<method name="(anonymous_6)" hits="510" signature="()V">
<lines>
<line number="178" hits="510"/>
</lines>
</method>
</methods>
<lines>
<line number="22" hits="55" branch="false"/>
<line number="23" hits="55" branch="false"/>
<line number="24" hits="55" branch="false"/>
<line number="36" hits="55" branch="false"/>
<line number="37" hits="56" branch="false"/>
<line number="40" hits="55" branch="false"/>
<line number="41" hits="0" branch="false"/>
<line number="42" hits="0" branch="false"/>
<line number="46" hits="85" branch="false"/>
<line number="47" hits="85" branch="false"/>
<line number="48" hits="85" branch="false"/>
<line number="49" hits="85" branch="false"/>
<line number="57" hits="340" branch="false"/>
<line number="169" hits="510" branch="false"/>
<line number="179" hits="510" branch="true" condition-coverage="100% (2/2)"/>
<line number="216" hits="4" branch="false"/>
<line number="236" hits="4" branch="false"/>
</lines>
</class>
</classes>
</package>
<package name="src.components.SignUpWrapper" line-rate="0.5556" branch-rate="0.2903">
<classes>
<class name="constants.js" filename="src/components/SignUpWrapper/constants.js" line-rate="1" branch-rate="1">
<methods> </methods>
<lines>
<line number="3" hits="6" branch="false"/>
<line number="9" hits="6" branch="false"/>
<line number="11" hits="6" branch="false"/>
<line number="28" hits="6" branch="false"/>
<line number="30" hits="6" branch="false"/>
<line number="35" hits="6" branch="false"/>
</lines>
</class>
<class name="index.js" filename="src/components/SignUpWrapper/index.js" line-rate="0.5268999999999999" branch-rate="0.2903">
<methods>
<method name="(anonymous_0)" hits="0" signature="()V">
<lines>
<line number="26" hits="0"/>
</lines>
</method>
<method name="signUpWrapper" hits="48" signature="()V">
<lines>
<line number="32" hits="48"/>
</lines>
</method>
<method name="(anonymous_2)" hits="132" signature="()V">
<lines>
<line number="35" hits="132"/>
</lines>
</method>
<method name="(anonymous_3)" hits="198" signature="()V">
<lines>
<line number="50" hits="198"/>
</lines>
</method>
<method name="(anonymous_4)" hits="132" signature="()V">
<lines>
<line number="69" hits="132"/>
</lines>
</method>
<method name="(anonymous_5)" hits="0" signature="()V">
<lines>
<line number="74" hits="0"/>
</lines>
</method>
<method name="(anonymous_6)" hits="0" signature="()V">
<lines>
<line number="105" hits="0"/>
</lines>
</method>
<method name="(anonymous_7)" hits="0" signature="()V">
<lines>
<line number="108" hits="0"/>
</lines>
</method>
<method name="(anonymous_8)" hits="0" signature="()V">
<lines>
<line number="111" hits="0"/>
</lines>
</method>
<method name="(anonymous_9)" hits="0" signature="()V">
<lines>
<line number="116" hits="0"/>
</lines>
</method>
<method name="(anonymous_10)" hits="0" signature="()V">
<lines>
<line number="129" hits="0"/>
</lines>
</method>
<method name="(anonymous_11)" hits="0" signature="()V">
<lines>
<line number="135" hits="0"/>
</lines>
</method>
<method name="(anonymous_12)" hits="0" signature="()V">
<lines>
<line number="150" hits="0"/>
</lines>
</method>
<method name="(anonymous_13)" hits="3" signature="()V">
<lines>
<line number="156" hits="3"/>
</lines>
</method>
<method name="(anonymous_14)" hits="6" signature="()V">
<lines>
<line number="173" hits="6"/>
</lines>
</method>
<method name="(anonymous_15)" hits="0" signature="()V">
<lines>
<line number="180" hits="0"/>
</lines>
</method>
<method name="(anonymous_16)" hits="6" signature="()V">
<lines>
<line number="186" hits="6"/>
</lines>
</method>
<method name="(anonymous_17)" hits="349" signature="()V">
<lines>
<line number="194" hits="349"/>
</lines>
</method>
<method name="(anonymous_18)" hits="1047" signature="()V">
<lines>
<line number="198" hits="1047"/>
</lines>
</method>
<method name="(anonymous_19)" hits="0" signature="()V">
<lines>
<line number="204" hits="0"/>
</lines>
</method>
<method name="(anonymous_20)" hits="0" signature="()V">
<lines>
<line number="205" hits="0"/>
</lines>
</method>
<method name="(anonymous_21)" hits="1" signature="()V">
<lines>
<line number="210" hits="1"/>
</lines>
</method>
<method name="(anonymous_22)" hits="0" signature="()V">
<lines>
<line number="214" hits="0"/>
</lines>
</method>
<method name="(anonymous_23)" hits="0" signature="()V">
<lines>
<line number="218" hits="0"/>
</lines>
</method>
<method name="(anonymous_24)" hits="1" signature="()V">
<lines>
<line number="222" hits="1"/>
</lines>
</method>
<method name="(anonymous_25)" hits="198" signature="()V">
<lines>
<line number="229" hits="198"/>
</lines>
</method>
</methods>
<lines>
<line number="23" hits="6" branch="false"/>
<line number="27" hits="0" branch="false"/>
<line number="28" hits="0" branch="false"/>
<line number="36" hits="132" branch="false"/>
<line number="37" hits="132" branch="false"/>
<line number="38" hits="132" branch="false"/>
<line number="51" hits="198" branch="true" condition-coverage="100% (2/2)"/>
<line number="52" hits="5" branch="false"/>
<line number="53" hits="5" branch="false"/>
<line number="60" hits="193" branch="true" condition-coverage="75% (3/4)"/>
<line number="61" hits="0" branch="false"/>
<line number="66" hits="193" branch="false"/>
<line number="70" hits="132" branch="false"/>
<line number="71" hits="132" branch="true" condition-coverage="100% (2/2)"/>
<line number="75" hits="0" branch="false"/>
<line number="76" hits="0" branch="false"/>
<line number="77" hits="0" branch="true" condition-coverage="0% (0/2)"/>
<line number="78" hits="0" branch="false"/>
<line number="79" hits="0" branch="false"/>
<line number="80" hits="0" branch="false"/>
<line number="82" hits="0" branch="true" condition-coverage="0% (0/2)"/>
<line number="83" hits="0" branch="true" condition-coverage="0% (0/2)"/>
<line number="84" hits="0" branch="false"/>
<line number="86" hits="0" branch="true" condition-coverage="0% (0/2)"/>
<line number="87" hits="0" branch="false"/>
<line number="89" hits="0" branch="true" condition-coverage="0% (0/2)"/>
<line number="90" hits="0" branch="false"/>
<line number="92" hits="0" branch="true" condition-coverage="0% (0/2)"/>
<line number="93" hits="0" branch="false"/>
<line number="95" hits="0" branch="true" condition-coverage="0% (0/2)"/>
<line number="96" hits="0" branch="false"/>
<line number="98" hits="0" branch="true" condition-coverage="0% (0/2)"/>
<line number="99" hits="0" branch="false"/>
<line number="102" hits="0" branch="false"/>
<line number="107" hits="0" branch="false"/>
<line number="108" hits="0" branch="true" condition-coverage="0% (0/2)"/>
<line number="112" hits="0" branch="false"/>
<line number="113" hits="0" branch="false"/>
<line number="117" hits="0" branch="false"/>
<line number="118" hits="0" branch="true" condition-coverage="0% (0/2)"/>
<line number="119" hits="0" branch="true" condition-coverage="0% (0/2)"/>
<line number="120" hits="0" branch="false"/>
<line number="121" hits="0" branch="false"/>
<line number="129" hits="132" branch="false"/>
<line number="131" hits="0" branch="true" condition-coverage="0% (0/2)"/>
<line number="135" hits="0" branch="false"/>
<line number="136" hits="0" branch="true" condition-coverage="0% (0/2)"/>
<line number="140" hits="0" branch="false"/>
<line number="142" hits="0" branch="false"/>
<line number="147" hits="0" branch="false"/>
<line number="150" hits="132" branch="false"/>
<line number="151" hits="0" branch="false"/>
<line number="156" hits="132" branch="false"/>
<line number="157" hits="3" branch="false"/>
<line number="158" hits="3" branch="false"/>
<line number="159" hits="3" branch="false"/>
<line number="160" hits="3" branch="true" condition-coverage="100% (2/2)"/>
<line number="161" hits="2" branch="false"/>
<line number="166" hits="2" branch="false"/>
<line number="167" hits="2" branch="false"/>
<line number="173" hits="132" branch="false"/>
<line number="174" hits="6" branch="false"/>
<line number="180" hits="132" branch="false"/>
<line number="181" hits="0" branch="false"/>
<line number="186" hits="132" branch="false"/>
<line number="187" hits="6" branch="false"/>
<line number="188" hits="6" branch="false"/>
<line number="191" hits="6" branch="false"/>
<line number="194" hits="132" branch="false"/>
<line number="195" hits="349" branch="false"/>
<line number="196" hits="349" branch="true" condition-coverage="100% (3/3)"/>
<line number="197" hits="349" branch="false"/>
<line number="198" hits="1047" branch="true" condition-coverage="66.66666666666666% (2/3)"/>
<line number="201" hits="349" branch="true" condition-coverage="25% (1/4)"/>
<line number="204" hits="132" branch="false"/>
<line number="205" hits="0" branch="false"/>
<line number="206" hits="0" branch="false"/>
<line number="210" hits="132" branch="false"/>
<line number="211" hits="1" branch="false"/>
<line number="214" hits="132" branch="false"/>
<line number="215" hits="0" branch="false"/>
<line number="218" hits="132" branch="false"/>
<line number="219" hits="0" branch="false"/>
<line number="222" hits="132" branch="false"/>
<line number="223" hits="1" branch="false"/>
<line number="224" hits="1" branch="false"/>
<line number="225" hits="1" branch="false"/>
<line number="226" hits="1" branch="false"/>
<line number="230" hits="198" branch="false"/>
<line number="231" hits="198" branch="false"/>
<line number="233" hits="198" branch="false"/>
<line number="260" hits="48" branch="false"/>
<line number="271" hits="48" branch="false"/>
</lines>
</class>
</classes>
</package>
<package name="src.components.TemplateInterpolation" line-rate="1" branch-rate="1">
<classes>
<class name="index.js" filename="src/components/TemplateInterpolation/index.js" line-rate="1" branch-rate="1">
<methods>
<method name="TemplateInterpolation" hits="124" signature="()V">
<lines>
<line number="4" hits="124"/>
</lines>
</method>
<method name="(anonymous_1)" hits="124" signature="()V">
<lines>
<line number="7" hits="124"/>
</lines>
</method>
<method name="(anonymous_2)" hits="372" signature="()V">
<lines>
<line number="18" hits="372"/>
</lines>
</method>
</methods>
<lines>
<line number="5" hits="124" branch="false"/>
<line number="6" hits="124" branch="false"/>
<line number="7" hits="124" branch="true" condition-coverage="100% (2/2)"/>
<line number="8" hits="124" branch="false"/>
<line number="9" hits="124" branch="false"/>
<line number="11" hits="124" branch="false"/>
<line number="12" hits="372" branch="true" condition-coverage="100% (2/2)"/>
<line number="13" hits="248" branch="false"/>
<line number="15" hits="124" branch="false"/>
<line number="18" hits="372" branch="false"/>
<line number="21" hits="9" branch="false"/>
<line number="26" hits="9" branch="false"/>
</lines>
</class>
</classes>
</package>
<package name="src.components.Timeline" line-rate="1" branch-rate="1">
<classes>
<class name="constants.js" filename="src/components/Timeline/constants.js" line-rate="1" branch-rate="1">
<methods> </methods>
<lines>
<line number="1" hits="3" branch="false"/>
<line number="2" hits="3" branch="false"/>
<line number="3" hits="3" branch="false"/>
</lines>
</class>
<class name="index.js" filename="src/components/Timeline/index.js" line-rate="1" branch-rate="1">
<methods>
<method name="Timeline" hits="15" signature="()V">
<lines>
<line number="6" hits="15"/>
</lines>
</method>
</methods>
<lines>
<line number="7" hits="15" branch="false"/>
<line number="10" hits="3" branch="false"/>
<line number="12" hits="3" branch="false"/>
<line number="17" hits="3" branch="false"/>
<line number="21" hits="3" branch="false"/>
</lines>
</class>
<class name="item.js" filename="src/components/Timeline/item.js" line-rate="1" branch-rate="1">
<methods>
<method name="getIcon" hits="39" signature="()V">
<lines>
<line number="7" hits="39"/>
</lines>
</method>
<method name="TimelineItem" hits="39" signature="()V">
<lines>
<line number="18" hits="39"/>
</lines>
</method>
</methods>
<lines>
<line number="8" hits="39" branch="true" condition-coverage="100% (3/3)"/>
<line number="10" hits="6" branch="false"/>
<line number="12" hits="13" branch="false"/>
<line number="14" hits="20" branch="false"/>
<line number="19" hits="39" branch="true" condition-coverage="100% (2/2)"/>
<line number="20" hits="39" branch="false"/>
<line number="28" hits="3" branch="false"/>
<line number="37" hits="3" branch="false"/>
<line number="43" hits="3" branch="false"/>
<line number="44" hits="3" branch="false"/>
</lines>
</class>
</classes>
</package>
<package name="src.components.TimeoutModal" line-rate="1" branch-rate="1">
<classes>
<class name="index.js" filename="src/components/TimeoutModal/index.js" line-rate="1" branch-rate="1">
<methods>
<method name="(anonymous_0)" hits="16" signature="()V">
<lines>
<line number="10" hits="16"/>
</lines>
</method>
</methods>
<lines>
<line number="11" hits="16" branch="false"/>
<line number="13" hits="16" branch="false"/>
<line number="50" hits="3" branch="false"/>
<line number="56" hits="3" branch="false"/>
</lines>
</class>
</classes>
</package>
<package name="src.components.TopbarMobile" line-rate="0.7143" branch-rate="0.2667">
<classes>
<class name="index.js" filename="src/components/TopbarMobile/index.js" line-rate="0.7143" branch-rate="0.2667">
<methods>
<method name="(anonymous_0)" hits="0" signature="()V">
<lines>
<line number="14" hits="0"/>
</lines>
</method>
<method name="(anonymous_1)" hits="0" signature="()V">
<lines>
<line number="20" hits="0"/>
</lines>
</method>
<method name="(anonymous_2)" hits="0" signature="()V">
<lines>
<line number="26" hits="0"/>
</lines>
</method>
<method name="(anonymous_3)" hits="2" signature="()V">
<lines>
<line number="33" hits="2"/>
</lines>
</method>
<method name="(anonymous_4)" hits="1" signature="()V">
<lines>
<line number="48" hits="1"/>
</lines>
</method>
<method name="(anonymous_5)" hits="0" signature="()V">
<lines>
<line number="60" hits="0"/>
</lines>
</method>
</methods>
<lines>
<line number="8" hits="4" branch="false"/>
<line number="10" hits="2" branch="false"/>
<line number="14" hits="2" branch="false"/>
<line number="15" hits="0" branch="false"/>
<line number="20" hits="2" branch="false"/>
<line number="21" hits="0" branch="false"/>
<line number="26" hits="2" branch="false"/>
<line number="27" hits="0" branch="true" condition-coverage="0% (0/6)"/>
<line number="28" hits="0" branch="false"/>
<line number="29" hits="0" branch="false"/>
<line number="34" hits="2" branch="false"/>
<line number="35" hits="2" branch="false"/>
<line number="38" hits="2" branch="false"/>
<line number="48" hits="2" branch="false"/>
<line number="49" hits="1" branch="true" condition-coverage="50% (1/2)"/>
<line number="50" hits="1" branch="false"/>
<line number="55" hits="2" branch="false"/>
<line number="60" hits="0" branch="true" condition-coverage="0% (0/2)"/>
<line number="77" hits="4" branch="false"/>
<line number="88" hits="4" branch="false"/>
<line number="95" hits="4" branch="false"/>
</lines>
</class>
</classes>
</package>
<package name="src.components.TrackingId" line-rate="1" branch-rate="1">
<classes>
<class name="index.js" filename="src/components/TrackingId/index.js" line-rate="1" branch-rate="1">
<methods>
<method name="TrackingId" hits="2" signature="()V">
<lines>
<line number="8" hits="2"/>
</lines>
</method>
</methods>
<lines>
<line number="9" hits="2" branch="true" condition-coverage="100% (2/2)"/>
<line number="10" hits="2" branch="false"/>
<line number="13" hits="2" branch="false"/>
<line number="17" hits="2" branch="false"/>
</lines>
</class>
</classes>
</package>
<package name="src.components.WithLocale" line-rate="0.8" branch-rate="0.7391">
<classes>
<class name="constants.js" filename="src/components/WithLocale/constants.js" line-rate="1" branch-rate="1">
<methods> </methods>
<lines>
<line number="1" hits="27" branch="false"/>
<line number="2" hits="27" branch="false"/>
<line number="3" hits="27" branch="false"/>
<line number="4" hits="27" branch="false"/>
</lines>
</class>
<class name="index.js" filename="src/components/WithLocale/index.js" line-rate="0.7907" branch-rate="0.7391">
<methods>
<method name="formatLocale" hits="1719" signature="()V">
<lines>
<line number="19" hits="1719"/>
</lines>
</method>
<method name="getLocale" hits="170" signature="()V">
<lines>
<line number="74" hits="170"/>
</lines>
</method>
<method name="checkLocale" hits="306" signature="()V">
<lines>
<line number="114" hits="306"/>
</lines>
</method>
<method name="setLocaleToSession" hits="257" signature="()V">
<lines>
<line number="127" hits="257"/>
</lines>
</method>
<method name="getCurrLocale" hits="1181" signature="()V">
<lines>
<line number="138" hits="1181"/>
</lines>
</method>
<method name="persistLocale" hits="3" signature="()V">
<lines>
<line number="151" hits="3"/>
</lines>
</method>
<method name="LocaleProvider" hits="658" signature="()V">
<lines>
<line number="158" hits="658"/>
</lines>
</method>
<method name="(anonymous_7)" hits="463" signature="()V">
<lines>
<line number="163" hits="463"/>
</lines>
</method>
<method name="(anonymous_8)" hits="0" signature="()V">
<lines>
<line number="171" hits="0"/>
</lines>
</method>
<method name="(anonymous_9)" hits="0" signature="()V">
<lines>
<line number="174" hits="0"/>
</lines>
</method>
<method name="(anonymous_10)" hits="0" signature="()V">
<lines>
<line number="178" hits="0"/>
</lines>
</method>
<method name="withLocale" hits="105" signature="()V">
<lines>
<line number="213" hits="105"/>
</lines>
</method>
<method name="LocalizedComponent" hits="455" signature="()V">
<lines>
<line number="214" hits="455"/>
</lines>
</method>
<method name="(anonymous_13)" hits="782" signature="()V">
<lines>
<line number="217" hits="782"/>
</lines>
</method>
</methods>
<lines>
<line number="20" hits="1719" branch="true" condition-coverage="100% (4/4)"/>
<line number="21" hits="337" branch="false"/>
<line number="24" hits="1382" branch="false"/>
<line number="25" hits="1382" branch="false"/>
<line number="26" hits="1382" branch="false"/>
<line number="27" hits="1382" branch="false"/>
<line number="29" hits="1382" branch="true" condition-coverage="100% (2/2)"/>
<line number="30" hits="3" branch="false"/>
<line number="33" hits="1379" branch="true" condition-coverage="100% (2/2)"/>
<line number="34" hits="1377" branch="false"/>
<line number="37" hits="2" branch="false"/>
<line number="38" hits="2" branch="true" condition-coverage="12.5% (1/8)"/>
<line number="40" hits="0" branch="false"/>
<line number="41" hits="0" branch="false"/>
<line number="43" hits="0" branch="false"/>
<line number="44" hits="0" branch="false"/>
<line number="46" hits="0" branch="false"/>
<line number="47" hits="0" branch="false"/>
<line number="49" hits="2" branch="false"/>
<line number="50" hits="2" branch="false"/>
<line number="52" hits="0" branch="false"/>
<line number="53" hits="0" branch="false"/>
<line number="55" hits="0" branch="false"/>
<line number="56" hits="0" branch="false"/>
<line number="58" hits="0" branch="false"/>
<line number="59" hits="0" branch="false"/>
<line number="61" hits="0" branch="false"/>
<line number="64" hits="2" branch="false"/>
<line number="75" hits="170" branch="false"/>
<line number="76" hits="170" branch="false"/>
<line number="77" hits="170" branch="false"/>
<line number="79" hits="170" branch="false"/>
<line number="81" hits="170" branch="true" condition-coverage="100% (5/5)"/>
<line number="82" hits="3" branch="false"/>
<line number="85" hits="170" branch="true" condition-coverage="100% (2/2)"/>
<line number="86" hits="27" branch="true" condition-coverage="100% (2/2)"/>
<line number="90" hits="170" branch="false"/>
<line number="91" hits="170" branch="false"/>
<line number="92" hits="170" branch="true" condition-coverage="100% (2/2)"/>
<line number="94" hits="1" branch="false"/>
<line number="95" hits="1" branch="true" condition-coverage="50% (1/2)"/>
<line number="96" hits="1" branch="false"/>
<line number="97" hits="1" branch="false"/>
<line number="102" hits="170" branch="false"/>
<line number="104" hits="170" branch="false"/>
<line number="115" hits="306" branch="false"/>
<line number="116" hits="306" branch="false"/>
<line number="117" hits="306" branch="true" condition-coverage="100% (4/4)"/>
<line number="118" hits="306" branch="false"/>
<line number="119" hits="306" branch="false"/>
<line number="120" hits="306" branch="true" condition-coverage="100% (3/3)"/>
<line number="128" hits="257" branch="false"/>
<line number="139" hits="1181" branch="false"/>
<line number="140" hits="1181" branch="false"/>
<line number="141" hits="1181" branch="false"/>
<line number="152" hits="3" branch="false"/>
<line number="153" hits="3" branch="false"/>
<line number="156" hits="27" branch="false"/>
<line number="159" hits="658" branch="false"/>
<line number="160" hits="658" branch="false"/>
<line number="161" hits="658" branch="false"/>
<line number="163" hits="658" branch="false"/>
<line number="164" hits="463" branch="true" condition-coverage="100% (2/2)"/>
<line number="165" hits="306" branch="false"/>
<line number="166" hits="306" branch="false"/>
<line number="168" hits="306" branch="true" condition-coverage="100% (2/2)"/>
<line number="169" hits="207" branch="false"/>
<line number="172" hits="0" branch="false"/>
<line number="175" hits="0" branch="false"/>
<line number="179" hits="0" branch="false"/>
<line number="180" hits="0" branch="false"/>
<line number="181" hits="0" branch="false"/>
<line number="184" hits="99" branch="false"/>
<line number="185" hits="99" branch="false"/>
<line number="186" hits="99" branch="false"/>
<line number="188" hits="306" branch="false"/>
<line number="190" hits="157" branch="false"/>
<line number="192" hits="157" branch="false"/>
<line number="193" hits="157" branch="false"/>
<line number="194" hits="157" branch="false"/>
<line number="198" hits="658" branch="false"/>
<line number="204" hits="27" branch="false"/>
<line number="209" hits="27" branch="false"/>
<line number="214" hits="105" branch="false"/>
<line number="215" hits="455" branch="false"/>
<line number="218" hits="782" branch="false"/>
</lines>
</class>
</classes>
</package>
<package name="src.containers.CheckOrderStatus" line-rate="0.5318999999999999" branch-rate="0.47619999999999996">
<classes>
<class name="index.js" filename="src/containers/CheckOrderStatus/index.js" line-rate="0.5318999999999999" branch-rate="0.47619999999999996">
<methods>
<method name="(anonymous_0)" hits="12" signature="()V">
<lines>
<line number="30" hits="12"/>
</lines>
</method>
<method name="(anonymous_1)" hits="12" signature="()V">
<lines>
<line number="37" hits="12"/>
</lines>
</method>
<method name="(anonymous_2)" hits="0" signature="()V">
<lines>
<line number="53" hits="0"/>
</lines>
</method>
<method name="(anonymous_3)" hits="0" signature="()V">
<lines>
<line number="59" hits="0"/>
</lines>
</method>
<method name="(anonymous_4)" hits="0" signature="()V">
<lines>
<line number="65" hits="0"/>
</lines>
</method>
<method name="(anonymous_5)" hits="0" signature="()V">
<lines>
<line number="71" hits="0"/>
</lines>
</method>
<method name="(anonymous_6)" hits="0" signature="()V">
<lines>
<line number="80" hits="0"/>
</lines>
</method>
<method name="(anonymous_7)" hits="0" signature="()V">
<lines>
<line number="93" hits="0"/>
</lines>
</method>
<method name="(anonymous_8)" hits="0" signature="()V">
<lines>
<line number="97" hits="0"/>
</lines>
</method>
<method name="(anonymous_9)" hits="12" signature="()V">
<lines>
<line number="102" hits="12"/>
</lines>
</method>
<method name="(anonymous_10)" hits="0" signature="()V">
<lines>
<line number="117" hits="0"/>
</lines>
</method>
<method name="(anonymous_11)" hits="3" signature="()V">
<lines>
<line number="135" hits="3"/>
</lines>
</method>
<method name="(anonymous_12)" hits="3" signature="()V">
<lines>
<line number="142" hits="3"/>
</lines>
</method>
</methods>
<lines>
<line number="27" hits="2" branch="false"/>
<line number="31" hits="12" branch="false"/>
<line number="32" hits="12" branch="false"/>
<line number="33" hits="12" branch="false"/>
<line number="34" hits="12" branch="false"/>
<line number="38" hits="12" branch="false"/>
<line number="39" hits="12" branch="false"/>
<line number="40" hits="12" branch="true" condition-coverage="100% (5/5)"/>
<line number="41" hits="8" branch="false"/>
<line number="44" hits="4" branch="false"/>
<line number="45" hits="4" branch="false"/>
<line number="47" hits="12" branch="true" condition-coverage="100% (2/2)"/>
<line number="48" hits="3" branch="false"/>
<line number="50" hits="9" branch="false"/>
<line number="53" hits="12" branch="false"/>
<line number="54" hits="0" branch="false"/>
<line number="55" hits="0" branch="false"/>
<line number="60" hits="0" branch="true" condition-coverage="0% (0/2)"/>
<line number="61" hits="0" branch="false"/>
<line number="66" hits="0" branch="true" condition-coverage="0% (0/2)"/>
<line number="67" hits="0" branch="false"/>
<line number="71" hits="0" branch="false"/>
<line number="72" hits="0" branch="true" condition-coverage="0% (0/2)"/>
<line number="73" hits="0" branch="false"/>
<line number="75" hits="0" branch="false"/>
<line number="81" hits="0" branch="false"/>
<line number="82" hits="0" branch="false"/>
<line number="83" hits="0" branch="false"/>
<line number="84" hits="0" branch="false"/>
<line number="86" hits="0" branch="false"/>
<line number="87" hits="0" branch="true" condition-coverage="0% (0/4)"/>
<line number="88" hits="0" branch="false"/>
<line number="90" hits="0" branch="false"/>
<line number="94" hits="0" branch="false"/>
<line number="97" hits="12" branch="false"/>
<line number="98" hits="0" branch="false"/>
<line number="99" hits="0" branch="false"/>
<line number="103" hits="12" branch="false"/>
<line number="104" hits="12" branch="true" condition-coverage="50% (1/2)"/>
<line number="105" hits="12" branch="false"/>
<line number="107" hits="12" branch="true" condition-coverage="100% (2/2)"/>
<line number="108" hits="3" branch="false"/>
<line number="110" hits="12" branch="false"/>
<line number="118" hits="0" branch="false"/>
<line number="126" hits="2" branch="false"/>
<line number="135" hits="3" branch="false"/>
<line number="142" hits="3" branch="false"/>
</lines>
</class>
</classes>
</package>
<package name="src.containers.CreateTrial" line-rate="0.8269" branch-rate="0.78">
<classes>
<class name="index.js" filename="src/containers/CreateTrial/index.js" line-rate="0.8269" branch-rate="0.78">
<methods>
<method name="(anonymous_0)" hits="21" signature="()V">
<lines>
<line number="42" hits="21"/>
</lines>
</method>
<method name="(anonymous_1)" hits="21" signature="()V">
<lines>
<line number="56" hits="21"/>
</lines>
</method>
<method name="(anonymous_2)" hits="4" signature="()V">
<lines>
<line number="74" hits="4"/>
</lines>
</method>
<method name="(anonymous_3)" hits="3" signature="()V">
<lines>
<line number="95" hits="3"/>
</lines>
</method>
<method name="(anonymous_4)" hits="3" signature="()V">
<lines>
<line number="107" hits="3"/>
</lines>
</method>
<method name="(anonymous_5)" hits="1" signature="()V">
<lines>
<line number="115" hits="1"/>
</lines>
</method>
<method name="(anonymous_6)" hits="2" signature="()V">
<lines>
<line number="122" hits="2"/>
</lines>
</method>
<method name="(anonymous_7)" hits="0" signature="()V">
<lines>
<line number="145" hits="0"/>
</lines>
</method>
<method name="(anonymous_8)" hits="25" signature="()V">
<lines>
<line number="149" hits="25"/>
</lines>
</method>
<method name="(anonymous_9)" hits="3" signature="()V">
<lines>
<line number="205" hits="3"/>
</lines>
</method>
<method name="(anonymous_10)" hits="3" signature="()V">
<lines>
<line number="225" hits="3"/>
</lines>
</method>
</methods>
<lines>
<line number="39" hits="2" branch="false"/>
<line number="43" hits="21" branch="false"/>
<line number="46" hits="21" branch="true" condition-coverage="100% (2/2)"/>
<line number="47" hits="3" branch="false"/>
<line number="51" hits="21" branch="true" condition-coverage="100% (2/2)"/>
<line number="52" hits="1" branch="false"/>
<line number="57" hits="21" branch="true" condition-coverage="100% (2/2)"/>
<line number="63" hits="4" branch="false"/>
<line number="65" hits="21" branch="true" condition-coverage="100% (2/2)"/>
<line number="66" hits="4" branch="false"/>
<line number="68" hits="21" branch="true" condition-coverage="50% (1/2)"/>
<line number="69" hits="0" branch="false"/>
<line number="71" hits="21" branch="false"/>
<line number="75" hits="4" branch="true" condition-coverage="25% (1/4)"/>
<line number="77" hits="3" branch="false"/>
<line number="78" hits="3" branch="false"/>
<line number="80" hits="0" branch="false"/>
<line number="81" hits="0" branch="false"/>
<line number="84" hits="0" branch="false"/>
<line number="85" hits="0" branch="false"/>
<line number="87" hits="4" branch="true" condition-coverage="50% (2/4)"/>
<line number="88" hits="0" branch="false"/>
<line number="90" hits="4" branch="true" condition-coverage="100% (4/4)"/>
<line number="91" hits="1" branch="false"/>
<line number="100" hits="3" branch="false"/>
<line number="101" hits="3" branch="true" condition-coverage="100% (2/2)"/>
<line number="102" hits="2" branch="true" condition-coverage="50% (1/2)"/>
<line number="104" hits="1" branch="false"/>
<line number="108" hits="3" branch="true" condition-coverage="100% (2/2)"/>
<line number="109" hits="2" branch="false"/>
<line number="110" hits="1" branch="true" condition-coverage="50% (1/2)"/>
<line number="111" hits="1" branch="false"/>
<line number="116" hits="1" branch="true" condition-coverage="50% (1/2)"/>
<line number="117" hits="1" branch="false"/>
<line number="118" hits="1" branch="false"/>
<line number="122" hits="21" branch="false"/>
<line number="123" hits="2" branch="false"/>
<line number="124" hits="2" branch="false"/>
<line number="134" hits="2" branch="true" condition-coverage="50% (1/2)"/>
<line number="135" hits="0" branch="false"/>
<line number="137" hits="2" branch="true" condition-coverage="50% (1/2)"/>
<line number="138" hits="0" branch="false"/>
<line number="140" hits="2" branch="false"/>
<line number="142" hits="2" branch="false"/>
<line number="145" hits="21" branch="false"/>
<line number="146" hits="0" branch="false"/>
<line number="150" hits="25" branch="false"/>
<line number="151" hits="25" branch="false"/>
<line number="175" hits="2" branch="false"/>
<line number="200" hits="2" branch="false"/>
<line number="205" hits="3" branch="false"/>
<line number="225" hits="3" branch="false"/>
</lines>
</class>
</classes>
</package>
<package name="src.containers.Error" line-rate="0.25" branch-rate="0">
<classes>
<class name="index.js" filename="src/containers/Error/index.js" line-rate="0.25" branch-rate="0">
<methods>
<method name="(anonymous_0)" hits="0" signature="()V">
<lines>
<line number="19" hits="0"/>
</lines>
</method>
<method name="(anonymous_1)" hits="0" signature="()V">
<lines>
<line number="42" hits="0"/>
</lines>
</method>
<method name="(anonymous_2)" hits="0" signature="()V">
<lines>
<line number="46" hits="0"/>
</lines>
</method>
<method name="(anonymous_3)" hits="0" signature="()V">
<lines>
<line number="50" hits="0"/>
</lines>
</method>
<method name="(anonymous_4)" hits="0" signature="()V">
<lines>
<line number="76" hits="0"/>
</lines>
</method>
<method name="(anonymous_5)" hits="0" signature="()V">
<lines>
<line number="81" hits="0"/>
</lines>
</method>
</methods>
<lines>
<line number="16" hits="1" branch="false"/>
<line number="20" hits="0" branch="false"/>
<line number="21" hits="0" branch="true" condition-coverage="0% (0/2)"/>
<line number="22" hits="0" branch="false"/>
<line number="24" hits="0" branch="false"/>
<line number="26" hits="0" branch="false"/>
<line number="36" hits="0" branch="false"/>
<line number="38" hits="0" branch="false"/>
<line number="43" hits="0" branch="false"/>
<line number="46" hits="0" branch="false"/>
<line number="47" hits="0" branch="false"/>
<line number="51" hits="0" branch="false"/>
<line number="54" hits="0" branch="true" condition-coverage="0% (0/2)"/>
<line number="55" hits="0" branch="false"/>
<line number="56" hits="0" branch="false"/>
<line number="58" hits="0" branch="false"/>
<line number="62" hits="1" branch="false"/>
<line number="70" hits="1" branch="false"/>
<line number="76" hits="1" branch="false"/>
<line number="81" hits="1" branch="false"/>
</lines>
</class>
</classes>
</package>
<package name="src.containers.PinChallenge" line-rate="0.48840000000000006" branch-rate="0.3704">
<classes>
<class name="index.js" filename="src/containers/PinChallenge/index.js" line-rate="0.48840000000000006" branch-rate="0.3704">
<methods>
<method name="(anonymous_0)" hits="5" signature="()V">
<lines>
<line number="36" hits="5"/>
</lines>
</method>
<method name="(anonymous_1)" hits="1" signature="()V">
<lines>
<line number="47" hits="1"/>
</lines>
</method>
<method name="(anonymous_2)" hits="6" signature="()V">
<lines>
<line number="51" hits="6"/>
</lines>
</method>
<method name="(anonymous_3)" hits="0" signature="()V">
<lines>
<line number="73" hits="0"/>
</lines>
</method>
<method name="(anonymous_4)" hits="0" signature="()V">
<lines>
<line number="82" hits="0"/>
</lines>
</method>
<method name="(anonymous_5)" hits="0" signature="()V">
<lines>
<line number="86" hits="0"/>
</lines>
</method>
<method name="(anonymous_6)" hits="0" signature="()V">
<lines>
<line number="113" hits="0"/>
</lines>
</method>
<method name="(anonymous_7)" hits="6" signature="()V">
<lines>
<line number="119" hits="6"/>
</lines>
</method>
<method name="(anonymous_8)" hits="0" signature="()V">
<lines>
<line number="167" hits="0"/>
</lines>
</method>
<method name="(anonymous_9)" hits="0" signature="()V">
<lines>
<line number="185" hits="0"/>
</lines>
</method>
</methods>
<lines>
<line number="33" hits="2" branch="false"/>
<line number="37" hits="5" branch="false"/>
<line number="38" hits="5" branch="true" condition-coverage="100% (4/4)"/>
<line number="39" hits="2" branch="false"/>
<line number="42" hits="3" branch="false"/>
<line number="44" hits="5" branch="false"/>
<line number="48" hits="1" branch="false"/>
<line number="52" hits="6" branch="false"/>
<line number="54" hits="6" branch="true" condition-coverage="100% (4/4)"/>
<line number="55" hits="2" branch="false"/>
<line number="58" hits="6" branch="true" condition-coverage="50% (1/2)"/>
<line number="59" hits="0" branch="true" condition-coverage="0% (0/2)"/>
<line number="61" hits="0" branch="false"/>
<line number="62" hits="0" branch="false"/>
<line number="64" hits="0" branch="false"/>
<line number="65" hits="0" branch="false"/>
<line number="67" hits="0" branch="true" condition-coverage="0% (0/2)"/>
<line number="68" hits="0" branch="false"/>
<line number="78" hits="0" branch="false"/>
<line number="79" hits="0" branch="false"/>
<line number="82" hits="5" branch="false"/>
<line number="83" hits="0" branch="false"/>
<line number="86" hits="5" branch="false"/>
<line number="87" hits="0" branch="false"/>
<line number="89" hits="0" branch="true" condition-coverage="0% (0/2)"/>
<line number="90" hits="0" branch="false"/>
<line number="91" hits="0" branch="false"/>
<line number="93" hits="0" branch="false"/>
<line number="94" hits="0" branch="false"/>
<line number="95" hits="0" branch="false"/>
<line number="96" hits="0" branch="false"/>
<line number="109" hits="0" branch="false"/>
<line number="113" hits="5" branch="false"/>
<line number="114" hits="0" branch="false"/>
<line number="115" hits="0" branch="false"/>
<line number="116" hits="0" branch="false"/>
<line number="120" hits="6" branch="false"/>
<line number="121" hits="6" branch="true" condition-coverage="50% (1/2)"/>
<line number="124" hits="6" branch="false"/>
<line number="139" hits="2" branch="false"/>
<line number="160" hits="2" branch="false"/>
<line number="167" hits="2" branch="false"/>
<line number="185" hits="2" branch="false"/>
</lines>
</class>
</classes>
</package>
[...]
<line number="113" hits="8" branch="true" condition-coverage="100% (2/2)"/>
<line number="114" hits="1" branch="false"/>
<line number="115" hits="1" branch="false"/>
</lines>
</class>
<class name="common.js" filename="src/utils/common.js" line-rate="0.5854" branch-rate="0.6034">
<methods>
<method name="getSiteNameString" hits="1" signature="()V">
<lines>
<line number="11" hits="1"/>
</lines>
</method>
<method name="clean" hits="770" signature="()V">
<lines>
<line number="16" hits="770"/>
</lines>
</method>
<method name="containWords" hits="168" signature="()V">
<lines>
<line number="26" hits="168"/>
</lines>
</method>
<method name="(anonymous_3)" hits="4" signature="()V">
<lines>
<line number="35" hits="4"/>
</lines>
</method>
<method name="(anonymous_4)" hits="6" signature="()V">
<lines>
<line number="43" hits="6"/>
</lines>
</method>
<method name="(anonymous_5)" hits="42" signature="()V">
<lines>
<line number="44" hits="42"/>
</lines>
</method>
<method name="getLocalStorageValue" hits="0" signature="()V">
<lines>
<line number="46" hits="0"/>
</lines>
</method>
<method name="getOriginApp" hits="22" signature="()V">
<lines>
<line number="65" hits="22"/>
</lines>
</method>
<method name="getDestApp" hits="175" signature="()V">
<lines>
<line number="76" hits="175"/>
</lines>
</method>
<method name="isMobile" hits="0" signature="()V">
<lines>
<line number="92" hits="0"/>
</lines>
</method>
<method name="browserType" hits="113" signature="()V">
<lines>
<line number="101" hits="113"/>
</lines>
</method>
<method name="getCursor" hits="1" signature="()V">
<lines>
<line number="136" hits="1"/>
</lines>
</method>
<method name="setCursor" hits="1" signature="()V">
<lines>
<line number="157" hits="1"/>
</lines>
</method>
<method name="getSelectText" hits="0" signature="()V">
<lines>
<line number="175" hits="0"/>
</lines>
</method>
<method name="setUserSignUpRouter" hits="20" signature="()V">
<lines>
<line number="187" hits="20"/>
</lines>
</method>
<method name="getUserSignUpRouter" hits="16" signature="()V">
<lines>
<line number="196" hits="16"/>
</lines>
</method>
<method name="setAppScrollTop" hits="124" signature="()V">
<lines>
<line number="204" hits="124"/>
</lines>
</method>
<method name="emailClickHereEvent" hits="0" signature="()V">
<lines>
<line number="217" hits="0"/>
</lines>
</method>
</methods>
<lines>
<line number="13" hits="1" branch="false"/>
<line number="17" hits="770" branch="false"/>
<line number="27" hits="168" branch="true" condition-coverage="75% (3/4)"/>
<line number="28" hits="168" branch="false"/>
<line number="29" hits="168" branch="false"/>
<line number="30" hits="168" branch="true" condition-coverage="100% (2/2)"/>
<line number="31" hits="166" branch="false"/>
<line number="33" hits="2" branch="false"/>
<line number="34" hits="2" branch="false"/>
<line number="35" hits="2" branch="false"/>
<line number="36" hits="4" branch="true" condition-coverage="100% (2/2)"/>
<line number="37" hits="3" branch="false"/>
<line number="40" hits="2" branch="false"/>
<line number="43" hits="30" branch="false"/>
<line number="44" hits="42" branch="false"/>
<line number="47" hits="0" branch="false"/>
<line number="48" hits="0" branch="false"/>
<line number="49" hits="0" branch="true" condition-coverage="0% (0/2)"/>
<line number="50" hits="0" branch="false"/>
<line number="51" hits="0" branch="false"/>
<line number="53" hits="0" branch="false"/>
<line number="56" hits="0" branch="false"/>
<line number="66" hits="22" branch="false"/>
<line number="67" hits="22" branch="true" condition-coverage="100% (2/2)"/>
<line number="77" hits="175" branch="false"/>
<line number="78" hits="175" branch="true" condition-coverage="66.66666666666666% (2/3)"/>
<line number="80" hits="1" branch="false"/>
<line number="82" hits="0" branch="false"/>
<line number="84" hits="174" branch="false"/>
<line number="93" hits="0" branch="false"/>
<line number="94" hits="0" branch="false"/>
<line number="102" hits="113" branch="false"/>
<line number="103" hits="113" branch="false"/>
<line number="104" hits="113" branch="true" condition-coverage="100% (2/2)"/>
<line number="105" hits="113" branch="false"/>
<line number="106" hits="113" branch="false"/>
<line number="107" hits="113" branch="true" condition-coverage="50% (1/2)"/>
<line number="108" hits="113" branch="true" condition-coverage="33.33333333333333% (1/3)"/>
<line number="110" hits="113" branch="true" condition-coverage="50% (1/2)"/>
<line number="111" hits="0" branch="false"/>
<line number="113" hits="113" branch="true" condition-coverage="50% (1/2)"/>
<line number="114" hits="0" branch="false"/>
<line number="116" hits="113" branch="true" condition-coverage="50% (1/2)"/>
<line number="117" hits="0" branch="false"/>
<line number="119" hits="113" branch="true" condition-coverage="50% (1/2)"/>
<line number="120" hits="0" branch="false"/>
<line number="122" hits="113" branch="true" condition-coverage="50% (1/2)"/>
<line number="123" hits="0" branch="false"/>
<line number="125" hits="113" branch="true" condition-coverage="50% (1/2)"/>
<line number="126" hits="0" branch="false"/>
<line number="128" hits="113" branch="false"/>
<line number="137" hits="1" branch="false"/>
<line number="138" hits="1" branch="true" condition-coverage="50% (1/2)"/>
<line number="140" hits="0" branch="false"/>
<line number="141" hits="0" branch="false"/>
<line number="142" hits="0" branch="false"/>
<line number="143" hits="1" branch="true" condition-coverage="75% (3/4)"/>
<line number="145" hits="0" branch="false"/>
<line number="148" hits="1" branch="false"/>
<line number="158" hits="1" branch="true" condition-coverage="50% (1/2)"/>
<line number="159" hits="0" branch="false"/>
<line number="160" hits="0" branch="false"/>
<line number="161" hits="1" branch="true" condition-coverage="50% (1/2)"/>
<line number="163" hits="0" branch="false"/>
<line number="164" hits="0" branch="false"/>
<line number="165" hits="0" branch="false"/>
<line number="166" hits="0" branch="false"/>
<line number="167" hits="0" branch="false"/>
<line number="176" hits="0" branch="true" condition-coverage="0% (0/2)"/>
<line number="177" hits="0" branch="false"/>
<line number="179" hits="0" branch="false"/>
<line number="182" hits="30" branch="false"/>
<line number="188" hits="20" branch="false"/>
<line number="189" hits="20" branch="true" condition-coverage="75% (3/4)"/>
<line number="197" hits="16" branch="true" condition-coverage="100% (2/2)"/>
<line number="205" hits="124" branch="false"/>
<line number="206" hits="124" branch="true" condition-coverage="50% (1/2)"/>
<line number="207" hits="0" branch="false"/>
<line number="211" hits="30" branch="false"/>
<line number="218" hits="0" branch="true" condition-coverage="0% (0/2)"/>
<line number="219" hits="0" branch="false"/>
<line number="221" hits="0" branch="false"/>
</lines>
</class>
<class name="eloquaTrigger.js" filename="src/utils/eloquaTrigger.js" line-rate="0.8571" branch-rate="0.6154">
<methods>
<method name="(anonymous_0)" hits="4" signature="()V">
<lines>
<line number="20" hits="4"/>
</lines>
</method>
<method name="(anonymous_1)" hits="4" signature="()V">
<lines>
<line number="42" hits="4"/>
</lines>
</method>
</methods>
<lines>
<line number="20" hits="27" branch="false"/>
<line number="21" hits="4" branch="false"/>
<line number="22" hits="4" branch="false"/>
<line number="23" hits="4" branch="false"/>
<line number="24" hits="4" branch="true" condition-coverage="60% (3/5)"/>
<line number="25" hits="0" branch="false"/>
<line number="28" hits="4" branch="true" condition-coverage="50% (1/2)"/>
<line number="29" hits="0" branch="false"/>
<line number="32" hits="4" branch="false"/>
<line number="42" hits="27" branch="true" condition-coverage="100% (2/2)"/>
<line number="43" hits="4" branch="false"/>
<line number="44" hits="4" branch="false"/>
<line number="45" hits="4" branch="false"/>
<line number="46" hits="4" branch="false"/>
</lines>
</class>
<class name="featureToggle.js" filename="src/utils/featureToggle.js" line-rate="1" branch-rate="1">
<methods>
<method name="filterFeatures" hits="212" signature="()V">
<lines>
<line number="12" hits="212"/>
</lines>
</method>
<method name="(anonymous_1)" hits="227" signature="()V">
<lines>
<line number="14" hits="227"/>
</lines>
</method>
<method name="init" hits="8" signature="()V">
<lines>
<line number="21" hits="8"/>
</lines>
</method>
<method name="isEnabled" hits="141" signature="()V">
<lines>
<line number="33" hits="141"/>
</lines>
</method>
<method name="getFeatureToggles" hits="11" signature="()V">
<lines>
<line number="42" hits="11"/>
</lines>
</method>
<method name="enable" hits="26" signature="()V">
<lines>
<line number="51" hits="26"/>
</lines>
</method>
</methods>
<lines>
<line number="13" hits="212" branch="true" condition-coverage="100% (2/2)"/>
<line number="14" hits="227" branch="false"/>
<line number="22" hits="8" branch="false"/>
<line number="23" hits="8" branch="false"/>
<line number="25" hits="8" branch="false"/>
<line number="34" hits="141" branch="false"/>
<line number="35" hits="141" branch="false"/>
<line number="43" hits="11" branch="false"/>
<line number="44" hits="11" branch="false"/>
<line number="52" hits="26" branch="false"/>
<line number="53" hits="26" branch="false"/>
<line number="54" hits="26" branch="false"/>
</lines>
</class>
<class name="fixtures.js" filename="src/utils/fixtures.js" line-rate="1" branch-rate="1">
<methods> </methods>
<lines>
<line number="1" hits="1" branch="false"/>
<line number="18" hits="1" branch="false"/>
<line number="51" hits="1" branch="false"/>
<line number="91" hits="1" branch="false"/>
</lines>
</class>
<class name="index.js" filename="src/utils/index.js" line-rate="1" branch-rate="1">
<methods> </methods>
<lines> </lines>
</class>
<class name="links.js" filename="src/utils/links.js" line-rate="1" branch-rate="1">
<methods>
<method name="getByLocale" hits="979" signature="()V">
<lines>
<line number="6" hits="979"/>
</lines>
</method>
</methods>
<lines>
<line number="7" hits="979" branch="false"/>
<line number="8" hits="979" branch="false"/>
<line number="9" hits="979" branch="false"/>
<line number="10" hits="979" branch="false"/>
<line number="11" hits="979" branch="false"/>
<line number="12" hits="979" branch="false"/>
<line number="14" hits="979" branch="false"/>
<line number="15" hits="979" branch="false"/>
<line number="16" hits="979" branch="false"/>
<line number="19" hits="979" branch="true" condition-coverage="100% (2/2)"/>
<line number="20" hits="1" branch="false"/>
<line number="23" hits="979" branch="false"/>
<line number="28" hits="979" branch="true" condition-coverage="100% (2/2)"/>
<line number="29" hits="1" branch="false"/>
<line number="32" hits="979" branch="false"/>
<line number="33" hits="979" branch="false"/>
<line number="35" hits="979" branch="true" condition-coverage="100% (4/4)"/>
<line number="36" hits="28" branch="false"/>
<line number="37" hits="28" branch="false"/>
<line number="38" hits="28" branch="false"/>
<line number="39" hits="951" branch="true" condition-coverage="100% (4/4)"/>
<line number="40" hits="26" branch="false"/>
<line number="41" hits="26" branch="false"/>
<line number="42" hits="26" branch="false"/>
<line number="43" hits="925" branch="true" condition-coverage="100% (2/2)"/>
<line number="44" hits="100" branch="false"/>
<line number="45" hits="100" branch="false"/>
<line number="46" hits="100" branch="false"/>
<line number="47" hits="100" branch="false"/>
<line number="48" hits="825" branch="true" condition-coverage="100% (2/2)"/>
<line number="49" hits="109" branch="false"/>
<line number="50" hits="109" branch="false"/>
<line number="51" hits="109" branch="false"/>
<line number="54" hits="979" branch="true" condition-coverage="100% (2/2)"/>
<line number="55" hits="100" branch="false"/>
<line number="56" hits="879" branch="true" condition-coverage="100% (2/2)"/>
<line number="57" hits="64" branch="false"/>
<line number="58" hits="64" branch="false"/>
<line number="59" hits="815" branch="true" condition-coverage="100% (2/2)"/>
<line number="60" hits="10" branch="false"/>
<line number="61" hits="10" branch="false"/>
<line number="62" hits="805" branch="true" condition-coverage="100% (2/2)"/>
<line number="63" hits="19" branch="false"/>
<line number="64" hits="19" branch="false"/>
<line number="66" hits="786" branch="false"/>
<line number="69" hits="979" branch="false"/>
</lines>
</class>
<class name="localStorage.js" filename="src/utils/localStorage.js" line-rate="0.6" branch-rate="0.3333">
<methods>
<method name="set" hits="11" signature="()V">
<lines>
<line number="7" hits="11"/>
</lines>
</method>
<method name="get" hits="312" signature="()V">
<lines>
<line number="18" hits="312"/>
</lines>
</method>
<method name="remove" hits="0" signature="()V">
<lines>
<line number="35" hits="0"/>
</lines>
</method>
</methods>
<lines>
<line number="8" hits="11" branch="true" condition-coverage="50% (1/2)"/>
<line number="9" hits="11" branch="false"/>
<line number="19" hits="312" branch="true" condition-coverage="50% (1/2)"/>
<line number="20" hits="312" branch="false"/>
<line number="21" hits="312" branch="false"/>
<line number="22" hits="312" branch="false"/>
<line number="24" hits="0" branch="false"/>
<line number="27" hits="0" branch="false"/>
<line number="36" hits="0" branch="true" condition-coverage="0% (0/2)"/>
<line number="37" hits="0" branch="false"/>
</lines>
</class>
<class name="metric-errors.js" filename="src/utils/metric-errors.js" line-rate="0.9706" branch-rate="1">
<methods>
<method name="determineComponent" hits="6" signature="()V">
<lines>
<line number="19" hits="6"/>
</lines>
</method>
<method name="isRealObject" hits="20" signature="()V">
<lines>
<line number="42" hits="20"/>
</lines>
</method>
<method name="isSensitive" hits="24" signature="()V">
<lines>
<line number="46" hits="24"/>
</lines>
</method>
<method name="(anonymous_3)" hits="201" signature="()V">
<lines>
<line number="48" hits="201"/>
</lines>
</method>
<method name="filterSensitiveData" hits="16" signature="()V">
<lines>
<line number="55" hits="16"/>
</lines>
</method>
<method name="(anonymous_5)" hits="24" signature="()V">
<lines>
<line number="60" hits="24"/>
</lines>
</method>
<method name="formatErrorPayload" hits="4" signature="()V">
<lines>
<line number="75" hits="4"/>
</lines>
</method>
</methods>
<lines>
<line number="5" hits="2" branch="false"/>
<line number="6" hits="2" branch="false"/>
<line number="7" hits="2" branch="false"/>
<line number="8" hits="2" branch="false"/>
<line number="20" hits="6" branch="true" condition-coverage="100% (9/9)"/>
<line number="27" hits="2" branch="false"/>
<line number="29" hits="1" branch="false"/>
<line number="31" hits="1" branch="false"/>
<line number="33" hits="1" branch="false"/>
<line number="35" hits="1" branch="false"/>
<line number="43" hits="20" branch="true" condition-coverage="100% (4/4)"/>
<line number="47" hits="24" branch="false"/>
<line number="48" hits="201" branch="false"/>
<line number="56" hits="16" branch="true" condition-coverage="100% (2/2)"/>
<line number="57" hits="1" branch="false"/>
<line number="59" hits="15" branch="false"/>
<line number="60" hits="15" branch="false"/>
<line number="61" hits="24" branch="true" condition-coverage="100% (2/2)"/>
<line number="63" hits="4" branch="false"/>
<line number="64" hits="20" branch="true" condition-coverage="100% (2/2)"/>
<line number="66" hits="12" branch="false"/>
<line number="69" hits="15" branch="false"/>
<line number="71" hits="0" branch="false"/>
<line number="81" hits="4" branch="true" condition-coverage="100% (2/2)"/>
<line number="82" hits="3" branch="false"/>
<line number="85" hits="4" branch="true" condition-coverage="100% (3/3)"/>
<line number="87" hits="4" branch="true" condition-coverage="100% (2/2)"/>
<line number="88" hits="3" branch="false"/>
<line number="90" hits="4" branch="true" condition-coverage="100% (2/2)"/>
<line number="91" hits="2" branch="false"/>
<line number="93" hits="4" branch="true" condition-coverage="100% (2/2)"/>
<line number="94" hits="2" branch="false"/>
<line number="96" hits="2" branch="false"/>
<line number="98" hits="4" branch="false"/>
</lines>
</class>
<class name="poller.js" filename="src/utils/poller.js" line-rate="1" branch-rate="1">
<methods>
<method name="(anonymous_0)" hits="9" signature="()V">
<lines>
<line number="8" hits="9"/>
</lines>
</method>
<method name="poll" hits="9" signature="()V">
<lines>
<line number="26" hits="9"/>
</lines>
</method>
<method name="stopPoll" hits="9" signature="()V">
<lines>
<line number="29" hits="9"/>
</lines>
</method>
<method name="(anonymous_3)" hits="9" signature="()V">
<lines>
<line number="34" hits="9"/>
</lines>
</method>
<method name="(anonymous_4)" hits="84" signature="()V">
<lines>
<line number="35" hits="84"/>
</lines>
</method>
<method name="(anonymous_5)" hits="79" signature="()V">
<lines>
<line number="37" hits="79"/>
</lines>
</method>
<method name="(anonymous_6)" hits="5" signature="()V">
<lines>
<line number="43" hits="5"/>
</lines>
</method>
<method name="(anonymous_7)" hits="9" signature="()V">
<lines>
<line number="50" hits="9"/>
</lines>
</method>
</methods>
<lines>
<line number="1" hits="28" branch="false"/>
<line number="9" hits="9" branch="false"/>
<line number="10" hits="9" branch="false"/>
<line number="30" hits="9" branch="false"/>
<line number="31" hits="9" branch="false"/>
<line number="34" hits="9" branch="false"/>
<line number="35" hits="9" branch="false"/>
<line number="36" hits="84" branch="false"/>
<line number="38" hits="79" branch="true" condition-coverage="100% (4/4)"/>
<line number="39" hits="3" branch="false"/>
<line number="40" hits="3" branch="false"/>
<line number="44" hits="5" branch="true" condition-coverage="100% (4/4)"/>
<line number="45" hits="1" branch="false"/>
<line number="46" hits="1" branch="false"/>
<line number="50" hits="9" branch="false"/>
<line number="51" hits="9" branch="true" condition-coverage="100% (2/2)"/>
<line number="52" hits="5" branch="false"/>
<line number="53" hits="5" branch="false"/>
</lines>
</class>
<class name="sessionStorage.js" filename="src/utils/sessionStorage.js" line-rate="0.9" branch-rate="0.5">
<methods>
<method name="set" hits="318" signature="()V">
<lines>
<line number="7" hits="318"/>
</lines>
</method>
<method name="get" hits="1685" signature="()V">
<lines>
<line number="18" hits="1685"/>
</lines>
</method>
<method name="remove" hits="8" signature="()V">
<lines>
<line number="35" hits="8"/>
</lines>
</method>
</methods>
<lines>
<line number="8" hits="318" branch="true" condition-coverage="50% (1/2)"/>
<line number="9" hits="318" branch="false"/>
<line number="19" hits="1685" branch="true" condition-coverage="50% (1/2)"/>
<line number="20" hits="1685" branch="false"/>
<line number="21" hits="1685" branch="false"/>
<line number="22" hits="1685" branch="false"/>
<line number="24" hits="18" branch="false"/>
<line number="27" hits="0" branch="false"/>
<line number="36" hits="8" branch="true" condition-coverage="50% (1/2)"/>
<line number="37" hits="8" branch="false"/>
</lines>
</class>
<class name="track.js" filename="src/utils/track.js" line-rate="1" branch-rate="0.8889">
<methods>
<method name="setParams" hits="22" signature="()V">
<lines>
<line number="12" hits="22"/>
</lines>
</method>
<method name="getParams" hits="15" signature="()V">
<lines>
<line number="30" hits="15"/>
</lines>
</method>
</methods>
<lines>
<line number="13" hits="22" branch="true" condition-coverage="100% (4/4)"/>
<line number="14" hits="22" branch="false"/>
<line number="18" hits="22" branch="true" condition-coverage="100% (2/2)"/>
<line number="19" hits="3" branch="false"/>
<line number="20" hits="3" branch="false"/>
<line number="21" hits="3" branch="false"/>
<line number="23" hits="22" branch="false"/>
<line number="31" hits="15" branch="false"/>
<line number="37" hits="15" branch="true" condition-coverage="100% (2/2)"/>
</lines>
</class>
</classes>
</package>
</packages>
</coverage>